# JRE version: OpenJDK Runtime Environment (17.0.9+9) (build 17.0.9+9-Ubuntu-120.04)
# Java VM: OpenJDK 64-Bit Server VM (17.0.9+9-Ubuntu-120.04, mixed mode, sharing, tiered, compressed oops, compressed class ptrs, g1 gc, linux-amd64)
GC Precious Log:
 CPUs: 12 total, 12 available
 Memory: 3591M
 Large Page Support: Disabled
 NUMA Support: Disabled
 Compressed Oops: Enabled (32-bit)
 Heap Region Size: 1M
 Heap Min Capacity: 8M
 Heap Initial Capacity: 58M
 Heap Max Capacity: 898M
 Pre-touch: Disabled
 Parallel Workers: 10
 Concurrent Workers: 3
 Concurrent Refinement Workers: 10
 Periodic GC: Disabled
Heap:
 garbage-first heap   total 49152K, used 22954K [0x00000000c7e00000, 0x0000000100000000)
  region size 1024K, 14 young (14336K), 3 survivors (3072K)
 Metaspace       used 30586K, committed 30976K, reserved 1114112K
  class space    used 3833K, committed 4032K, reserved 1048576K
GC Heap History (20 events):
Event: 1.738 GC heap before
{Heap before GC invocations=1 (full 0):
 garbage-first heap   total 61440K, used 35376K [0x00000000c7e00000, 0x0000000100000000)
  region size 1024K, 34 young (34816K), 2 survivors (2048K)
 Metaspace       used 7479K, committed 7744K, reserved 1114112K
  class space    used 914K, committed 1024K, reserved 1048576K
}
Event: 1.744 GC heap after
{Heap after GC invocations=2 (full 0):
 garbage-first heap   total 61440K, used 3591K [0x00000000c7e00000, 0x0000000100000000)
  region size 1024K, 3 young (3072K), 3 survivors (3072K)
 Metaspace       used 7479K, committed 7744K, reserved 1114112K
  class space    used 914K, committed 1024K, reserved 1048576K
}
Event: 2.329 GC heap before
{Heap before GC invocations=2 (full 0):
 garbage-first heap   total 61440K, used 34311K [0x00000000c7e00000, 0x0000000100000000)
  region size 1024K, 34 young (34816K), 3 survivors (3072K)
 Metaspace       used 11075K, committed 11328K, reserved 1114112K
  class space    used 1350K, committed 1472K, reserved 1048576K
}
Event: 2.336 GC heap after
{Heap after GC invocations=3 (full 0):
 garbage-first heap   total 61440K, used 4526K [0x00000000c7e00000, 0x0000000100000000)
  region size 1024K, 3 young (3072K), 3 survivors (3072K)
 Metaspace       used 11075K, committed 11328K, reserved 1114112K
  class space    used 1350K, committed 1472K, reserved 1048576K
}
Event: 2.899 GC heap before
{Heap before GC invocations=3 (full 0):
 garbage-first heap   total 61440K, used 36270K [0x00000000c7e00000, 0x0000000100000000)
  region size 1024K, 34 young (34816K), 3 survivors (3072K)
 Metaspace       used 14721K, committed 15040K, reserved 1114112K
  class space    used 1817K, committed 1984K, reserved 1048576K
}
Event: 2.902 GC heap after
{Heap after GC invocations=4 (full 0):
 garbage-first heap   total 61440K, used 5534K [0x00000000c7e00000, 0x0000000100000000)
  region size 1024K, 4 young (4096K), 4 survivors (4096K)
 Metaspace       used 14721K, committed 15040K, reserved 1114112K
  class space    used 1817K, committed 1984K, reserved 1048576K
}
Event: 3.349 GC heap before
{Heap before GC invocations=4 (full 0):
 garbage-first heap   total 61440K, used 35230K [0x00000000c7e00000, 0x0000000100000000)
  region size 1024K, 34 young (34816K), 4 survivors (4096K)
 Metaspace       used 16514K, committed 16768K, reserved 1114112K
  class space    used 2036K, committed 2176K, reserved 1048576K
}
Event: 3.354 GC heap after
{Heap after GC invocations=5 (full 0):
 garbage-first heap   total 61440K, used 7006K [0x00000000c7e00000, 0x0000000100000000)
  region size 1024K, 4 young (4096K), 4 survivors (4096K)
 Metaspace       used 16514K, committed 16768K, reserved 1114112K
  class space    used 2036K, committed 2176K, reserved 1048576K
}
Event: 4.055 GC heap before
{Heap before GC invocations=5 (full 0):
 garbage-first heap   total 61440K, used 37726K [0x00000000c7e00000, 0x0000000100000000)
  region size 1024K, 34 young (34816K), 4 survivors (4096K)
 Metaspace       used 18859K, committed 19200K, reserved 1114112K
  class space    used 2348K, committed 2496K, reserved 1048576K
}
Event: 4.060 GC heap after
{Heap after GC invocations=6 (full 0):
 garbage-first heap   total 61440K, used 7813K [0x00000000c7e00000, 0x0000000100000000)
  region size 1024K, 3 young (3072K), 3 survivors (3072K)
 Metaspace       used 18859K, committed 19200K, reserved 1114112K
  class space    used 2348K, committed 2496K, reserved 1048576K
}
Event: 4.468 GC heap before
{Heap before GC invocations=6 (full 0):
 garbage-first heap   total 61440K, used 28293K [0x00000000c7e00000, 0x0000000100000000)
  region size 1024K, 24 young (24576K), 3 survivors (3072K)
 Metaspace       used 21135K, committed 21504K, reserved 1114112K
  class space    used 2687K, committed 2880K, reserved 1048576K
}
Event: 4.472 GC heap after
{Heap after GC invocations=7 (full 0):
 garbage-first heap   total 61440K, used 8990K [0x00000000c7e00000, 0x0000000100000000)
  region size 1024K, 4 young (4096K), 4 survivors (4096K)
 Metaspace       used 21135K, committed 21504K, reserved 1114112K
  class space    used 2687K, committed 2880K, reserved 1048576K
}
Event: 4.937 GC heap before
{Heap before GC invocations=8 (full 0):
 garbage-first heap   total 40960K, used 29470K [0x00000000c7e00000, 0x0000000100000000)
  region size 1024K, 24 young (24576K), 4 survivors (4096K)
 Metaspace       used 24214K, committed 24640K, reserved 1114112K
  class space    used 3029K, committed 3200K, reserved 1048576K
}
Event: 4.944 GC heap after
{Heap after GC invocations=9 (full 0):
 garbage-first heap   total 40960K, used 10487K [0x00000000c7e00000, 0x0000000100000000)
  region size 1024K, 3 young (3072K), 3 survivors (3072K)
 Metaspace       used 24214K, committed 24640K, reserved 1114112K
  class space    used 3029K, committed 3200K, reserved 1048576K
}
Event: 4.968 GC heap before
{Heap before GC invocations=9 (full 0):
 garbage-first heap   total 40960K, used 11511K [0x00000000c7e00000, 0x0000000100000000)
  region size 1024K, 4 young (4096K), 3 survivors (3072K)
 Metaspace       used 24300K, committed 24768K, reserved 1114112K
  class space    used 3049K, committed 3264K, reserved 1048576K
}
Event: 4.973 GC heap after
{Heap after GC invocations=10 (full 0):
 garbage-first heap   total 49152K, used 10916K [0x00000000c7e00000, 0x0000000100000000)
  region size 1024K, 1 young (1024K), 1 survivors (1024K)
 Metaspace       used 24300K, committed 24768K, reserved 1114112K
  class space    used 3049K, committed 3264K, reserved 1048576K
}
Event: 5.397 GC heap before
{Heap before GC invocations=10 (full 0):
 garbage-first heap   total 49152K, used 36516K [0x00000000c7e00000, 0x0000000100000000)
  region size 1024K, 26 young (26624K), 1 survivors (1024K)
 Metaspace       used 26328K, committed 26752K, reserved 1114112K
  class space    used 3316K, committed 3520K, reserved 1048576K
}
Event: 5.400 GC heap after
{Heap after GC invocations=11 (full 0):
 garbage-first heap   total 49152K, used 11593K [0x00000000c7e00000, 0x0000000100000000)
  region size 1024K, 2 young (2048K), 2 survivors (2048K)
 Metaspace       used 26328K, committed 26752K, reserved 1114112K
  class space    used 3316K, committed 3520K, reserved 1048576K
}
Event: 7.812 GC heap before
{Heap before GC invocations=11 (full 0):
 garbage-first heap   total 49152K, used 35145K [0x00000000c7e00000, 0x0000000100000000)
  region size 1024K, 26 young (26624K), 2 survivors (2048K)
 Metaspace       used 29131K, committed 29632K, reserved 1114112K
  class space    used 3671K, committed 3904K, reserved 1048576K
}
Event: 7.815 GC heap after
{Heap after GC invocations=12 (full 0):
 garbage-first heap   total 49152K, used 12714K [0x00000000c7e00000, 0x0000000100000000)
  region size 1024K, 3 young (3072K), 3 survivors (3072K)
 Metaspace       used 29131K, committed 29632K, reserved 1114112K
  class space    used 3671K, committed 3904K, reserved 1048576K
}

