# JRE version: OpenJDK Runtime Environment (17.0.9+9) (build 17.0.9+9-Ubuntu-120.04)
# Java VM: OpenJDK 64-Bit Server VM (17.0.9+9-Ubuntu-120.04, mixed mode, sharing, tiered, compressed oops, compressed class ptrs, g1 gc, linux-amd64)
GC Precious Log:
 CPUs: 12 total, 12 available
 Memory: 3591M
 Large Page Support: Disabled
 NUMA Support: Disabled
 Compressed Oops: Enabled (32-bit)
 Heap Region Size: 1M
 Heap Min Capacity: 8M
 Heap Initial Capacity: 58M
 Heap Max Capacity: 898M
 Pre-touch: Disabled
 Parallel Workers: 10
 Concurrent Workers: 3
 Concurrent Refinement Workers: 10
 Periodic GC: Disabled
Heap:
 garbage-first heap   total 211968K, used 69673K [0x00000000c7e00000, 0x0000000100000000)
  region size 1024K, 18 young (18432K), 1 survivors (1024K)
 Metaspace       used 30586K, committed 30976K, reserved 1114112K
  class space    used 3834K, committed 4032K, reserved 1048576K
GC Heap History (20 events):
Event: 8.459 GC heap before
{Heap before GC invocations=8 (full 0):
 garbage-first heap   total 40960K, used 29463K [0x00000000c7e00000, 0x0000000100000000)
  region size 1024K, 24 young (24576K), 4 survivors (4096K)
 Metaspace       used 24197K, committed 24576K, reserved 1114112K
  class space    used 3030K, committed 3200K, reserved 1048576K
}
Event: 8.467 GC heap after
{Heap after GC invocations=9 (full 0):
 garbage-first heap   total 40960K, used 10437K [0x00000000c7e00000, 0x0000000100000000)
  region size 1024K, 3 young (3072K), 3 survivors (3072K)
 Metaspace       used 24197K, committed 24576K, reserved 1114112K
  class space    used 3030K, committed 3200K, reserved 1048576K
}
Event: 8.513 GC heap before
{Heap before GC invocations=9 (full 0):
 garbage-first heap   total 40960K, used 11461K [0x00000000c7e00000, 0x0000000100000000)
  region size 1024K, 4 young (4096K), 3 survivors (3072K)
 Metaspace       used 24296K, committed 24704K, reserved 1114112K
  class space    used 3054K, committed 3264K, reserved 1048576K
}
Event: 8.519 GC heap after
{Heap after GC invocations=10 (full 0):
 garbage-first heap   total 40960K, used 10913K [0x00000000c7e00000, 0x0000000100000000)
  region size 1024K, 1 young (1024K), 1 survivors (1024K)
 Metaspace       used 24296K, committed 24704K, reserved 1114112K
  class space    used 3054K, committed 3264K, reserved 1048576K
}
Event: 9.114 GC heap before
{Heap before GC invocations=10 (full 0):
 garbage-first heap   total 40960K, used 30369K [0x00000000c7e00000, 0x0000000100000000)
  region size 1024K, 20 young (20480K), 1 survivors (1024K)
 Metaspace       used 25894K, committed 26304K, reserved 1114112K
  class space    used 3260K, committed 3456K, reserved 1048576K
}
Event: 9.118 GC heap after
{Heap after GC invocations=11 (full 0):
 garbage-first heap   total 40960K, used 11438K [0x00000000c7e00000, 0x0000000100000000)
  region size 1024K, 2 young (2048K), 2 survivors (2048K)
 Metaspace       used 25894K, committed 26304K, reserved 1114112K
  class space    used 3260K, committed 3456K, reserved 1048576K
}
Event: 23.317 GC heap before
{Heap before GC invocations=11 (full 0):
 garbage-first heap   total 40960K, used 29870K [0x00000000c7e00000, 0x0000000100000000)
  region size 1024K, 20 young (20480K), 2 survivors (2048K)
 Metaspace       used 27788K, committed 28224K, reserved 1114112K
  class space    used 3507K, committed 3712K, reserved 1048576K
}
Event: 23.321 GC heap after
{Heap after GC invocations=12 (full 0):
 garbage-first heap   total 40960K, used 12434K [0x00000000c7e00000, 0x0000000100000000)
  region size 1024K, 3 young (3072K), 3 survivors (3072K)
 Metaspace       used 27788K, committed 28224K, reserved 1114112K
  class space    used 3507K, committed 3712K, reserved 1048576K
}
Event: 24.076 GC heap before
{Heap before GC invocations=12 (full 0):
 garbage-first heap   total 46080K, used 33938K [0x00000000c7e00000, 0x0000000100000000)
  region size 1024K, 20 young (20480K), 3 survivors (3072K)
 Metaspace       used 30566K, committed 30976K, reserved 1114112K
  class space    used 3833K, committed 4032K, reserved 1048576K
}
Event: 24.085 GC heap after
{Heap after GC invocations=13 (full 0):
 garbage-first heap   total 46080K, used 18221K [0x00000000c7e00000, 0x0000000100000000)
  region size 1024K, 2 young (2048K), 2 survivors (2048K)
 Metaspace       used 30566K, committed 30976K, reserved 1114112K
  class space    used 3833K, committed 4032K, reserved 1048576K
}
Event: 24.127 GC heap before
{Heap before GC invocations=13 (full 0):
 garbage-first heap   total 46080K, used 34605K [0x00000000c7e00000, 0x0000000100000000)
  region size 1024K, 19 young (19456K), 2 survivors (2048K)
 Metaspace       used 30584K, committed 30976K, reserved 1114112K
  class space    used 3833K, committed 4032K, reserved 1048576K
}
Event: 24.135 GC heap after
{Heap after GC invocations=14 (full 0):
 garbage-first heap   total 73728K, used 27878K [0x00000000c7e00000, 0x0000000100000000)
  region size 1024K, 3 young (3072K), 3 survivors (3072K)
 Metaspace       used 30584K, committed 30976K, reserved 1114112K
  class space    used 3833K, committed 4032K, reserved 1048576K
}
Event: 24.155 GC heap before
{Heap before GC invocations=14 (full 0):
 garbage-first heap   total 73728K, used 49382K [0x00000000c7e00000, 0x0000000100000000)
  region size 1024K, 24 young (24576K), 3 survivors (3072K)
 Metaspace       used 30584K, committed 30976K, reserved 1114112K
  class space    used 3833K, committed 4032K, reserved 1048576K
}
Event: 24.168 GC heap after
{Heap after GC invocations=15 (full 0):
 garbage-first heap   total 73728K, used 39176K [0x00000000c7e00000, 0x0000000100000000)
  region size 1024K, 3 young (3072K), 3 survivors (3072K)
 Metaspace       used 30584K, committed 30976K, reserved 1114112K
  class space    used 3833K, committed 4032K, reserved 1048576K
}
Event: 24.175 GC heap before
{Heap before GC invocations=15 (full 0):
 garbage-first heap   total 73728K, used 50440K [0x00000000c7e00000, 0x0000000100000000)
  region size 1024K, 14 young (14336K), 3 survivors (3072K)
 Metaspace       used 30584K, committed 30976K, reserved 1114112K
  class space    used 3833K, committed 4032K, reserved 1048576K
}
Event: 24.182 GC heap after
{Heap after GC invocations=16 (full 0):
 garbage-first heap   total 73728K, used 45420K [0x00000000c7e00000, 0x0000000100000000)
  region size 1024K, 2 young (2048K), 2 survivors (2048K)
 Metaspace       used 30584K, committed 30976K, reserved 1114112K
  class space    used 3833K, committed 4032K, reserved 1048576K
}
Event: 24.189 GC heap before
{Heap before GC invocations=16 (full 0):
 garbage-first heap   total 73728K, used 53612K [0x00000000c7e00000, 0x0000000100000000)
  region size 1024K, 10 young (10240K), 2 survivors (2048K)
 Metaspace       used 30584K, committed 30976K, reserved 1114112K
  class space    used 3833K, committed 4032K, reserved 1048576K
}
Event: 24.193 GC heap after
{Heap after GC invocations=17 (full 0):
 garbage-first heap   total 73728K, used 50276K [0x00000000c7e00000, 0x0000000100000000)
  region size 1024K, 2 young (2048K), 2 survivors (2048K)
 Metaspace       used 30584K, committed 30976K, reserved 1114112K
  class space    used 3833K, committed 4032K, reserved 1048576K
}
Event: 24.199 GC heap before
{Heap before GC invocations=17 (full 0):
 garbage-first heap   total 73728K, used 55396K [0x00000000c7e00000, 0x0000000100000000)
  region size 1024K, 7 young (7168K), 2 survivors (2048K)
 Metaspace       used 30584K, committed 30976K, reserved 1114112K
  class space    used 3833K, committed 4032K, reserved 1048576K
}
Event: 24.204 GC heap after
{Heap after GC invocations=18 (full 0):
 garbage-first heap   total 221184K, used 53289K [0x00000000c7e00000, 0x0000000100000000)
  region size 1024K, 1 young (1024K), 1 survivors (1024K)
 Metaspace       used 30584K, committed 30976K, reserved 1114112K
  class space    used 3833K, committed 4032K, reserved 1048576K
}

