# JRE version: OpenJDK Runtime Environment (17.0.9+9) (build 17.0.9+9-Ubuntu-120.04)
# Java VM: OpenJDK 64-Bit Server VM (17.0.9+9-Ubuntu-120.04, mixed mode, sharing, tiered, compressed oops, compressed class ptrs, g1 gc, linux-amd64)
GC Precious Log:
 CPUs: 12 total, 12 available
 Memory: 3591M
 Large Page Support: Disabled
 NUMA Support: Disabled
 Compressed Oops: Enabled (32-bit)
 Heap Region Size: 1M
 Heap Min Capacity: 8M
 Heap Initial Capacity: 58M
 Heap Max Capacity: 898M
 Pre-touch: Disabled
 Parallel Workers: 10
 Concurrent Workers: 3
 Concurrent Refinement Workers: 10
 Periodic GC: Disabled
Heap:
 garbage-first heap   total 40960K, used 18530K [0x00000000c7e00000, 0x0000000100000000)
  region size 1024K, 8 young (8192K), 3 survivors (3072K)
 Metaspace       used 30941K, committed 31424K, reserved 1114112K
  class space    used 3869K, committed 4096K, reserved 1048576K
GC Heap History (20 events):
Event: 4.424 GC heap before
{Heap before GC invocations=2 (full 0):
 garbage-first heap   total 61440K, used 34311K [0x00000000c7e00000, 0x0000000100000000)
  region size 1024K, 34 young (34816K), 3 survivors (3072K)
 Metaspace       used 10987K, committed 11200K, reserved 1114112K
  class space    used 1350K, committed 1472K, reserved 1048576K
}
Event: 4.429 GC heap after
{Heap after GC invocations=3 (full 0):
 garbage-first heap   total 61440K, used 4529K [0x00000000c7e00000, 0x0000000100000000)
  region size 1024K, 3 young (3072K), 3 survivors (3072K)
 Metaspace       used 10987K, committed 11200K, reserved 1114112K
  class space    used 1350K, committed 1472K, reserved 1048576K
}
Event: 5.485 GC heap before
{Heap before GC invocations=3 (full 0):
 garbage-first heap   total 61440K, used 36273K [0x00000000c7e00000, 0x0000000100000000)
  region size 1024K, 34 young (34816K), 3 survivors (3072K)
 Metaspace       used 14604K, committed 14848K, reserved 1114112K
  class space    used 1796K, committed 1920K, reserved 1048576K
}
Event: 5.489 GC heap after
{Heap after GC invocations=4 (full 0):
 garbage-first heap   total 61440K, used 5639K [0x00000000c7e00000, 0x0000000100000000)
  region size 1024K, 4 young (4096K), 4 survivors (4096K)
 Metaspace       used 14604K, committed 14848K, reserved 1114112K
  class space    used 1796K, committed 1920K, reserved 1048576K
}
Event: 6.284 GC heap before
{Heap before GC invocations=4 (full 0):
 garbage-first heap   total 61440K, used 35335K [0x00000000c7e00000, 0x0000000100000000)
  region size 1024K, 34 young (34816K), 4 survivors (4096K)
 Metaspace       used 16467K, committed 16768K, reserved 1114112K
  class space    used 2032K, committed 2176K, reserved 1048576K
}
Event: 6.290 GC heap after
{Heap after GC invocations=5 (full 0):
 garbage-first heap   total 61440K, used 7009K [0x00000000c7e00000, 0x0000000100000000)
  region size 1024K, 4 young (4096K), 4 survivors (4096K)
 Metaspace       used 16467K, committed 16768K, reserved 1114112K
  class space    used 2032K, committed 2176K, reserved 1048576K
}
Event: 7.563 GC heap before
{Heap before GC invocations=5 (full 0):
 garbage-first heap   total 61440K, used 37729K [0x00000000c7e00000, 0x0000000100000000)
  region size 1024K, 34 young (34816K), 4 survivors (4096K)
 Metaspace       used 18785K, committed 19136K, reserved 1114112K
  class space    used 2338K, committed 2496K, reserved 1048576K
}
Event: 7.571 GC heap after
{Heap after GC invocations=6 (full 0):
 garbage-first heap   total 61440K, used 7808K [0x00000000c7e00000, 0x0000000100000000)
  region size 1024K, 3 young (3072K), 3 survivors (3072K)
 Metaspace       used 18785K, committed 19136K, reserved 1114112K
  class space    used 2338K, committed 2496K, reserved 1048576K
}
Event: 8.323 GC heap before
{Heap before GC invocations=6 (full 0):
 garbage-first heap   total 61440K, used 28288K [0x00000000c7e00000, 0x0000000100000000)
  region size 1024K, 24 young (24576K), 3 survivors (3072K)
 Metaspace       used 21135K, committed 21504K, reserved 1114112K
  class space    used 2691K, committed 2880K, reserved 1048576K
}
Event: 8.330 GC heap after
{Heap after GC invocations=7 (full 0):
 garbage-first heap   total 61440K, used 8980K [0x00000000c7e00000, 0x0000000100000000)
  region size 1024K, 4 young (4096K), 4 survivors (4096K)
 Metaspace       used 21135K, committed 21504K, reserved 1114112K
  class space    used 2691K, committed 2880K, reserved 1048576K
}
Event: 8.989 GC heap before
{Heap before GC invocations=8 (full 0):
 garbage-first heap   total 40960K, used 29460K [0x00000000c7e00000, 0x0000000100000000)
  region size 1024K, 24 young (24576K), 4 survivors (4096K)
 Metaspace       used 24197K, committed 24640K, reserved 1114112K
  class space    used 3033K, committed 3264K, reserved 1048576K
}
Event: 8.999 GC heap after
{Heap after GC invocations=9 (full 0):
 garbage-first heap   total 40960K, used 10561K [0x00000000c7e00000, 0x0000000100000000)
  region size 1024K, 3 young (3072K), 3 survivors (3072K)
 Metaspace       used 24197K, committed 24640K, reserved 1114112K
  class space    used 3033K, committed 3264K, reserved 1048576K
}
Event: 9.040 GC heap before
{Heap before GC invocations=9 (full 0):
 garbage-first heap   total 40960K, used 11585K [0x00000000c7e00000, 0x0000000100000000)
  region size 1024K, 4 young (4096K), 3 survivors (3072K)
 Metaspace       used 24281K, committed 24704K, reserved 1114112K
  class space    used 3051K, committed 3264K, reserved 1048576K
}
Event: 9.046 GC heap after
{Heap after GC invocations=10 (full 0):
 garbage-first heap   total 40960K, used 11064K [0x00000000c7e00000, 0x0000000100000000)
  region size 1024K, 1 young (1024K), 1 survivors (1024K)
 Metaspace       used 24281K, committed 24704K, reserved 1114112K
  class space    used 3051K, committed 3264K, reserved 1048576K
}
Event: 9.788 GC heap before
{Heap before GC invocations=10 (full 0):
 garbage-first heap   total 40960K, used 30520K [0x00000000c7e00000, 0x0000000100000000)
  region size 1024K, 20 young (20480K), 1 survivors (1024K)
 Metaspace       used 25886K, committed 26304K, reserved 1114112K
  class space    used 3261K, committed 3456K, reserved 1048576K
}
Event: 9.793 GC heap after
{Heap after GC invocations=11 (full 0):
 garbage-first heap   total 40960K, used 11599K [0x00000000c7e00000, 0x0000000100000000)
  region size 1024K, 2 young (2048K), 2 survivors (2048K)
 Metaspace       used 25886K, committed 26304K, reserved 1114112K
  class space    used 3261K, committed 3456K, reserved 1048576K
}
Event: 16.946 GC heap before
{Heap before GC invocations=11 (full 0):
 garbage-first heap   total 40960K, used 30031K [0x00000000c7e00000, 0x0000000100000000)
  region size 1024K, 20 young (20480K), 2 survivors (2048K)
 Metaspace       used 27757K, committed 28160K, reserved 1114112K
  class space    used 3503K, committed 3712K, reserved 1048576K
}
Event: 16.955 GC heap after
{Heap after GC invocations=12 (full 0):
 garbage-first heap   total 40960K, used 12527K [0x00000000c7e00000, 0x0000000100000000)
  region size 1024K, 2 young (2048K), 2 survivors (2048K)
 Metaspace       used 27757K, committed 28160K, reserved 1114112K
  class space    used 3503K, committed 3712K, reserved 1048576K
}
Event: 17.744 GC heap before
{Heap before GC invocations=12 (full 0):
 garbage-first heap   total 40960K, used 30959K [0x00000000c7e00000, 0x0000000100000000)
  region size 1024K, 20 young (20480K), 2 survivors (2048K)
 Metaspace       used 30576K, committed 30976K, reserved 1114112K
  class space    used 3837K, committed 4032K, reserved 1048576K
}
Event: 17.748 GC heap after
{Heap after GC invocations=13 (full 0):
 garbage-first heap   total 40960K, used 14434K [0x00000000c7e00000, 0x0000000100000000)
  region size 1024K, 3 young (3072K), 3 survivors (3072K)
 Metaspace       used 30576K, committed 30976K, reserved 1114112K
  class space    used 3837K, committed 4032K, reserved 1048576K
}

