# JRE version: OpenJDK Runtime Environment (17.0.9+9) (build 17.0.9+9-Ubuntu-120.04)
# Java VM: OpenJDK 64-Bit Server VM (17.0.9+9-Ubuntu-120.04, mixed mode, sharing, tiered, compressed oops, compressed class ptrs, g1 gc, linux-amd64)
GC Precious Log:
 CPUs: 12 total, 12 available
 Memory: 3591M
 Large Page Support: Disabled
 NUMA Support: Disabled
 Compressed Oops: Enabled (32-bit)
 Heap Region Size: 1M
 Heap Min Capacity: 8M
 Heap Initial Capacity: 58M
 Heap Max Capacity: 898M
 Pre-touch: Disabled
 Parallel Workers: 10
 Concurrent Workers: 3
 Concurrent Refinement Workers: 10
 Periodic GC: Disabled
Heap:
 garbage-first heap   total 49152K, used 16962K [0x00000000c7e00000, 0x0000000100000000)
  region size 1024K, 8 young (8192K), 3 survivors (3072K)
 Metaspace       used 30584K, committed 30976K, reserved 1114112K
  class space    used 3835K, committed 4032K, reserved 1048576K
GC Heap History (20 events):
Event: 1.384 GC heap before
{Heap before GC invocations=1 (full 0):
 garbage-first heap   total 61440K, used 35376K [0x00000000c7e00000, 0x0000000100000000)
  region size 1024K, 34 young (34816K), 2 survivors (2048K)
 Metaspace       used 7518K, committed 7808K, reserved 1114112K
  class space    used 920K, committed 1088K, reserved 1048576K
}
Event: 1.390 GC heap after
{Heap after GC invocations=2 (full 0):
 garbage-first heap   total 61440K, used 3741K [0x00000000c7e00000, 0x0000000100000000)
  region size 1024K, 3 young (3072K), 3 survivors (3072K)
 Metaspace       used 7518K, committed 7808K, reserved 1114112K
  class space    used 920K, committed 1088K, reserved 1048576K
}
Event: 1.902 GC heap before
{Heap before GC invocations=2 (full 0):
 garbage-first heap   total 61440K, used 35485K [0x00000000c7e00000, 0x0000000100000000)
  region size 1024K, 34 young (34816K), 3 survivors (3072K)
 Metaspace       used 11148K, committed 11392K, reserved 1114112K
  class space    used 1366K, committed 1472K, reserved 1048576K
}
Event: 1.907 GC heap after
{Heap after GC invocations=3 (full 0):
 garbage-first heap   total 61440K, used 4528K [0x00000000c7e00000, 0x0000000100000000)
  region size 1024K, 3 young (3072K), 3 survivors (3072K)
 Metaspace       used 11148K, committed 11392K, reserved 1114112K
  class space    used 1366K, committed 1472K, reserved 1048576K
}
Event: 2.414 GC heap before
{Heap before GC invocations=3 (full 0):
 garbage-first heap   total 61440K, used 36272K [0x00000000c7e00000, 0x0000000100000000)
  region size 1024K, 34 young (34816K), 3 survivors (3072K)
 Metaspace       used 14759K, committed 15040K, reserved 1114112K
  class space    used 1826K, committed 1984K, reserved 1048576K
}
Event: 2.417 GC heap after
{Heap after GC invocations=4 (full 0):
 garbage-first heap   total 61440K, used 5637K [0x00000000c7e00000, 0x0000000100000000)
  region size 1024K, 4 young (4096K), 4 survivors (4096K)
 Metaspace       used 14759K, committed 15040K, reserved 1114112K
  class space    used 1826K, committed 1984K, reserved 1048576K
}
Event: 2.851 GC heap before
{Heap before GC invocations=4 (full 0):
 garbage-first heap   total 61440K, used 35333K [0x00000000c7e00000, 0x0000000100000000)
  region size 1024K, 34 young (34816K), 4 survivors (4096K)
 Metaspace       used 16542K, committed 16768K, reserved 1114112K
  class space    used 2043K, committed 2176K, reserved 1048576K
}
Event: 2.857 GC heap after
{Heap after GC invocations=5 (full 0):
 garbage-first heap   total 61440K, used 7212K [0x00000000c7e00000, 0x0000000100000000)
  region size 1024K, 4 young (4096K), 4 survivors (4096K)
 Metaspace       used 16542K, committed 16768K, reserved 1114112K
  class space    used 2043K, committed 2176K, reserved 1048576K
}
Event: 3.597 GC heap before
{Heap before GC invocations=5 (full 0):
 garbage-first heap   total 61440K, used 37932K [0x00000000c7e00000, 0x0000000100000000)
  region size 1024K, 34 young (34816K), 4 survivors (4096K)
 Metaspace       used 19043K, committed 19392K, reserved 1114112K
  class space    used 2364K, committed 2496K, reserved 1048576K
}
Event: 3.603 GC heap after
{Heap after GC invocations=6 (full 0):
 garbage-first heap   total 61440K, used 8050K [0x00000000c7e00000, 0x0000000100000000)
  region size 1024K, 3 young (3072K), 3 survivors (3072K)
 Metaspace       used 19043K, committed 19392K, reserved 1114112K
  class space    used 2364K, committed 2496K, reserved 1048576K
}
Event: 3.981 GC heap before
{Heap before GC invocations=6 (full 0):
 garbage-first heap   total 61440K, used 26482K [0x00000000c7e00000, 0x0000000100000000)
  region size 1024K, 22 young (22528K), 3 survivors (3072K)
 Metaspace       used 21134K, committed 21504K, reserved 1114112K
  class space    used 2689K, committed 2880K, reserved 1048576K
}
Event: 3.985 GC heap after
{Heap after GC invocations=7 (full 0):
 garbage-first heap   total 61440K, used 8667K [0x00000000c7e00000, 0x0000000100000000)
  region size 1024K, 4 young (4096K), 4 survivors (4096K)
 Metaspace       used 21134K, committed 21504K, reserved 1114112K
  class space    used 2689K, committed 2880K, reserved 1048576K
}
Event: 4.322 GC heap before
{Heap before GC invocations=8 (full 0):
 garbage-first heap   total 40960K, used 29147K [0x00000000c7e00000, 0x0000000100000000)
  region size 1024K, 24 young (24576K), 4 survivors (4096K)
 Metaspace       used 24205K, committed 24640K, reserved 1114112K
  class space    used 3032K, committed 3264K, reserved 1048576K
}
Event: 4.329 GC heap after
{Heap after GC invocations=9 (full 0):
 garbage-first heap   total 40960K, used 10358K [0x00000000c7e00000, 0x0000000100000000)
  region size 1024K, 3 young (3072K), 3 survivors (3072K)
 Metaspace       used 24205K, committed 24640K, reserved 1114112K
  class space    used 3032K, committed 3264K, reserved 1048576K
}
Event: 4.363 GC heap before
{Heap before GC invocations=9 (full 0):
 garbage-first heap   total 40960K, used 10358K [0x00000000c7e00000, 0x0000000100000000)
  region size 1024K, 4 young (4096K), 3 survivors (3072K)
 Metaspace       used 24300K, committed 24704K, reserved 1114112K
  class space    used 3055K, committed 3264K, reserved 1048576K
}
Event: 4.369 GC heap after
{Heap after GC invocations=10 (full 0):
 garbage-first heap   total 49152K, used 11062K [0x00000000c7e00000, 0x0000000100000000)
  region size 1024K, 1 young (1024K), 1 survivors (1024K)
 Metaspace       used 24300K, committed 24704K, reserved 1114112K
  class space    used 3055K, committed 3264K, reserved 1048576K
}
Event: 4.794 GC heap before
{Heap before GC invocations=10 (full 0):
 garbage-first heap   total 49152K, used 36662K [0x00000000c7e00000, 0x0000000100000000)
  region size 1024K, 26 young (26624K), 1 survivors (1024K)
 Metaspace       used 26357K, committed 26752K, reserved 1114112K
  class space    used 3321K, committed 3520K, reserved 1048576K
}
Event: 4.797 GC heap after
{Heap after GC invocations=11 (full 0):
 garbage-first heap   total 49152K, used 11711K [0x00000000c7e00000, 0x0000000100000000)
  region size 1024K, 2 young (2048K), 2 survivors (2048K)
 Metaspace       used 26357K, committed 26752K, reserved 1114112K
  class space    used 3321K, committed 3520K, reserved 1048576K
}
Event: 20.298 GC heap before
{Heap before GC invocations=11 (full 0):
 garbage-first heap   total 49152K, used 35263K [0x00000000c7e00000, 0x0000000100000000)
  region size 1024K, 26 young (26624K), 2 survivors (2048K)
 Metaspace       used 29228K, committed 29696K, reserved 1114112K
  class space    used 3682K, committed 3904K, reserved 1048576K
}
Event: 20.301 GC heap after
{Heap after GC invocations=12 (full 0):
 garbage-first heap   total 49152K, used 12866K [0x00000000c7e00000, 0x0000000100000000)
  region size 1024K, 3 young (3072K), 3 survivors (3072K)
 Metaspace       used 29228K, committed 29696K, reserved 1114112K
  class space    used 3682K, committed 3904K, reserved 1048576K
}

