# JRE version: OpenJDK Runtime Environment (17.0.9+9) (build 17.0.9+9-Ubuntu-120.04)
# Java VM: OpenJDK 64-Bit Server VM (17.0.9+9-Ubuntu-120.04, mixed mode, sharing, tiered, compressed oops, compressed class ptrs, g1 gc, linux-amd64)
GC Precious Log:
 CPUs: 12 total, 12 available
 Memory: 3591M
 Large Page Support: Disabled
 NUMA Support: Disabled
 Compressed Oops: Enabled (32-bit)
 Heap Region Size: 1M
 Heap Min Capacity: 8M
 Heap Initial Capacity: 58M
 Heap Max Capacity: 898M
 Pre-touch: Disabled
 Parallel Workers: 10
 Concurrent Workers: 3
 Concurrent Refinement Workers: 10
 Periodic GC: Disabled
Heap:
 garbage-first heap   total 65536K, used 13483K [0x00000000c7e00000, 0x0000000100000000)
  region size 1024K, 5 young (5120K), 4 survivors (4096K)
 Metaspace       used 30572K, committed 30976K, reserved 1114112K
  class space    used 3837K, committed 4032K, reserved 1048576K
GC Heap History (20 events):
Event: 1.384 GC heap before
{Heap before GC invocations=1 (full 0):
 garbage-first heap   total 61440K, used 35376K [0x00000000c7e00000, 0x0000000100000000)
  region size 1024K, 34 young (34816K), 2 survivors (2048K)
 Metaspace       used 7472K, committed 7744K, reserved 1114112K
  class space    used 913K, committed 1024K, reserved 1048576K
}
Event: 1.390 GC heap after
{Heap after GC invocations=2 (full 0):
 garbage-first heap   total 61440K, used 3591K [0x00000000c7e00000, 0x0000000100000000)
  region size 1024K, 3 young (3072K), 3 survivors (3072K)
 Metaspace       used 7472K, committed 7744K, reserved 1114112K
  class space    used 913K, committed 1024K, reserved 1048576K
}
Event: 1.902 GC heap before
{Heap before GC invocations=2 (full 0):
 garbage-first heap   total 61440K, used 34311K [0x00000000c7e00000, 0x0000000100000000)
  region size 1024K, 34 young (34816K), 3 survivors (3072K)
 Metaspace       used 11073K, committed 11328K, reserved 1114112K
  class space    used 1352K, committed 1472K, reserved 1048576K
}
Event: 1.907 GC heap after
{Heap after GC invocations=3 (full 0):
 garbage-first heap   total 61440K, used 4410K [0x00000000c7e00000, 0x0000000100000000)
  region size 1024K, 2 young (2048K), 2 survivors (2048K)
 Metaspace       used 11073K, committed 11328K, reserved 1114112K
  class space    used 1352K, committed 1472K, reserved 1048576K
}
Event: 2.422 GC heap before
{Heap before GC invocations=3 (full 0):
 garbage-first heap   total 61440K, used 37178K [0x00000000c7e00000, 0x0000000100000000)
  region size 1024K, 34 young (34816K), 2 survivors (2048K)
 Metaspace       used 14775K, committed 15104K, reserved 1114112K
  class space    used 1830K, committed 1984K, reserved 1048576K
}
Event: 2.425 GC heap after
{Heap after GC invocations=4 (full 0):
 garbage-first heap   total 61440K, used 5731K [0x00000000c7e00000, 0x0000000100000000)
  region size 1024K, 4 young (4096K), 4 survivors (4096K)
 Metaspace       used 14775K, committed 15104K, reserved 1114112K
  class space    used 1830K, committed 1984K, reserved 1048576K
}
Event: 2.839 GC heap before
{Heap before GC invocations=4 (full 0):
 garbage-first heap   total 61440K, used 35427K [0x00000000c7e00000, 0x0000000100000000)
  region size 1024K, 34 young (34816K), 4 survivors (4096K)
 Metaspace       used 16564K, committed 16832K, reserved 1114112K
  class space    used 2043K, committed 2176K, reserved 1048576K
}
Event: 2.844 GC heap after
{Heap after GC invocations=5 (full 0):
 garbage-first heap   total 61440K, used 6996K [0x00000000c7e00000, 0x0000000100000000)
  region size 1024K, 4 young (4096K), 4 survivors (4096K)
 Metaspace       used 16564K, committed 16832K, reserved 1114112K
  class space    used 2043K, committed 2176K, reserved 1048576K
}
Event: 3.513 GC heap before
{Heap before GC invocations=5 (full 0):
 garbage-first heap   total 61440K, used 37716K [0x00000000c7e00000, 0x0000000100000000)
  region size 1024K, 34 young (34816K), 4 survivors (4096K)
 Metaspace       used 19013K, committed 19328K, reserved 1114112K
  class space    used 2364K, committed 2496K, reserved 1048576K
}
Event: 3.519 GC heap after
{Heap after GC invocations=6 (full 0):
 garbage-first heap   total 61440K, used 7725K [0x00000000c7e00000, 0x0000000100000000)
  region size 1024K, 3 young (3072K), 3 survivors (3072K)
 Metaspace       used 19013K, committed 19328K, reserved 1114112K
  class space    used 2364K, committed 2496K, reserved 1048576K
}
Event: 3.894 GC heap before
{Heap before GC invocations=6 (full 0):
 garbage-first heap   total 61440K, used 27181K [0x00000000c7e00000, 0x0000000100000000)
  region size 1024K, 23 young (23552K), 3 survivors (3072K)
 Metaspace       used 21135K, committed 21504K, reserved 1114112K
  class space    used 2693K, committed 2880K, reserved 1048576K
}
Event: 3.898 GC heap after
{Heap after GC invocations=7 (full 0):
 garbage-first heap   total 61440K, used 8900K [0x00000000c7e00000, 0x0000000100000000)
  region size 1024K, 4 young (4096K), 4 survivors (4096K)
 Metaspace       used 21135K, committed 21504K, reserved 1114112K
  class space    used 2693K, committed 2880K, reserved 1048576K
}
Event: 4.238 GC heap before
{Heap before GC invocations=8 (full 0):
 garbage-first heap   total 40960K, used 29380K [0x00000000c7e00000, 0x0000000100000000)
  region size 1024K, 24 young (24576K), 4 survivors (4096K)
 Metaspace       used 24190K, committed 24640K, reserved 1114112K
  class space    used 3033K, committed 3264K, reserved 1048576K
}
Event: 4.245 GC heap after
{Heap after GC invocations=9 (full 0):
 garbage-first heap   total 40960K, used 10360K [0x00000000c7e00000, 0x0000000100000000)
  region size 1024K, 3 young (3072K), 3 survivors (3072K)
 Metaspace       used 24190K, committed 24640K, reserved 1114112K
  class space    used 3033K, committed 3264K, reserved 1048576K
}
Event: 4.276 GC heap before
{Heap before GC invocations=9 (full 0):
 garbage-first heap   total 40960K, used 11384K [0x00000000c7e00000, 0x0000000100000000)
  region size 1024K, 4 young (4096K), 3 survivors (3072K)
 Metaspace       used 24293K, committed 24704K, reserved 1114112K
  class space    used 3059K, committed 3264K, reserved 1048576K
}
Event: 4.282 GC heap after
{Heap after GC invocations=10 (full 0):
 garbage-first heap   total 40960K, used 10909K [0x00000000c7e00000, 0x0000000100000000)
  region size 1024K, 1 young (1024K), 1 survivors (1024K)
 Metaspace       used 24293K, committed 24704K, reserved 1114112K
  class space    used 3059K, committed 3264K, reserved 1048576K
}
Event: 4.603 GC heap before
{Heap before GC invocations=10 (full 0):
 garbage-first heap   total 40960K, used 30365K [0x00000000c7e00000, 0x0000000100000000)
  region size 1024K, 20 young (20480K), 1 survivors (1024K)
 Metaspace       used 25880K, committed 26304K, reserved 1114112K
  class space    used 3262K, committed 3456K, reserved 1048576K
}
Event: 4.606 GC heap after
{Heap after GC invocations=11 (full 0):
 garbage-first heap   total 65536K, used 11459K [0x00000000c7e00000, 0x0000000100000000)
  region size 1024K, 2 young (2048K), 2 survivors (2048K)
 Metaspace       used 25880K, committed 26304K, reserved 1114112K
  class space    used 3262K, committed 3456K, reserved 1048576K
}
Event: 12.930 GC heap before
{Heap before GC invocations=11 (full 0):
 garbage-first heap   total 65536K, used 47299K [0x00000000c7e00000, 0x0000000100000000)
  region size 1024K, 38 young (38912K), 2 survivors (2048K)
 Metaspace       used 30559K, committed 30976K, reserved 1114112K
  class space    used 3835K, committed 4032K, reserved 1048576K
}
Event: 12.933 GC heap after
{Heap after GC invocations=12 (full 0):
 garbage-first heap   total 65536K, used 13483K [0x00000000c7e00000, 0x0000000100000000)
  region size 1024K, 4 young (4096K), 4 survivors (4096K)
 Metaspace       used 30559K, committed 30976K, reserved 1114112K
  class space    used 3835K, committed 4032K, reserved 1048576K
}

