# JRE version: OpenJDK Runtime Environment (18.0.2+9) (build 18.0.2-ea+9-Ubuntu-222.04)
# Java VM: OpenJDK 64-Bit Server VM (18.0.2-ea+9-Ubuntu-222.04, mixed mode, sharing, tiered, compressed oops, compressed class ptrs, g1 gc, linux-amd64)
GC Precious Log:
 CardTable entry size: 512
 Card Set container configuration: InlinePtr #cards 5 size 8 Array Of Cards #cards 12 size 40 Howl #buckets 4 coarsen threshold 1843 Howl Bitmap #cards 512 size 80 coarsen threshold 460 Card regions per heap region 1 cards per card region 2048
 CPUs: 4 total, 4 available
 Memory: 3634M
 Large Page Support: Disabled
 NUMA Support: Disabled
 Compressed Oops: Enabled (32-bit)
 Heap Region Size: 1M
 Heap Min Capacity: 8M
 Heap Initial Capacity: 58M
 Heap Max Capacity: 910M
 Pre-touch: Disabled
 Parallel Workers: 4
 Concurrent Workers: 1
 Concurrent Refinement Workers: 4
 Periodic GC: Disabled
Heap:
 garbage-first heap   total 40960K, used 18080K [0x00000000c7200000, 0x0000000100000000)
  region size 1024K, 5 young (5120K), 3 survivors (3072K)
 Metaspace       used 30500K, committed 31040K, reserved 1114112K
  class space    used 3691K, committed 3904K, reserved 1048576K
GC Heap History (20 events):
Event: 2.441 GC heap before
{Heap before GC invocations=2 (full 0):
 garbage-first heap   total 61440K, used 33834K [0x00000000c7200000, 0x0000000100000000)
  region size 1024K, 34 young (34816K), 3 survivors (3072K)
 Metaspace       used 10103K, committed 10432K, reserved 1114112K
  class space    used 1196K, committed 1344K, reserved 1048576K
}
Event: 2.453 GC heap after
{Heap after GC invocations=3 (full 0):
 garbage-first heap   total 61440K, used 4292K [0x00000000c7200000, 0x0000000100000000)
  region size 1024K, 4 young (4096K), 4 survivors (4096K)
 Metaspace       used 10103K, committed 10432K, reserved 1114112K
  class space    used 1196K, committed 1344K, reserved 1048576K
}
Event: 2.832 GC heap before
{Heap before GC invocations=3 (full 0):
 garbage-first heap   total 61440K, used 33988K [0x00000000c7200000, 0x0000000100000000)
  region size 1024K, 34 young (34816K), 4 survivors (4096K)
 Metaspace       used 13892K, committed 14208K, reserved 1114112K
  class space    used 1653K, committed 1792K, reserved 1048576K
}
Event: 2.843 GC heap after
{Heap after GC invocations=4 (full 0):
 garbage-first heap   total 61440K, used 5675K [0x00000000c7200000, 0x0000000100000000)
  region size 1024K, 4 young (4096K), 4 survivors (4096K)
 Metaspace       used 13892K, committed 14208K, reserved 1114112K
  class space    used 1653K, committed 1792K, reserved 1048576K
}
Event: 3.213 GC heap before
{Heap before GC invocations=4 (full 0):
 garbage-first heap   total 61440K, used 36395K [0x00000000c7200000, 0x0000000100000000)
  region size 1024K, 34 young (34816K), 4 survivors (4096K)
 Metaspace       used 16068K, committed 16448K, reserved 1114112K
  class space    used 1918K, committed 2112K, reserved 1048576K
}
Event: 3.219 GC heap after
{Heap after GC invocations=5 (full 0):
 garbage-first heap   total 61440K, used 6669K [0x00000000c7200000, 0x0000000100000000)
  region size 1024K, 4 young (4096K), 4 survivors (4096K)
 Metaspace       used 16068K, committed 16448K, reserved 1114112K
  class space    used 1918K, committed 2112K, reserved 1048576K
}
Event: 4.193 GC heap before
{Heap before GC invocations=5 (full 0):
 garbage-first heap   total 61440K, used 37389K [0x00000000c7200000, 0x0000000100000000)
  region size 1024K, 34 young (34816K), 4 survivors (4096K)
 Metaspace       used 18499K, committed 18880K, reserved 1114112K
  class space    used 2223K, committed 2432K, reserved 1048576K
}
Event: 4.209 GC heap after
{Heap after GC invocations=6 (full 0):
 garbage-first heap   total 61440K, used 7805K [0x00000000c7200000, 0x0000000100000000)
  region size 1024K, 4 young (4096K), 4 survivors (4096K)
 Metaspace       used 18499K, committed 18880K, reserved 1114112K
  class space    used 2223K, committed 2432K, reserved 1048576K
}
Event: 4.865 GC heap before
{Heap before GC invocations=6 (full 0):
 garbage-first heap   total 61440K, used 28285K [0x00000000c7200000, 0x0000000100000000)
  region size 1024K, 26 young (26624K), 4 survivors (4096K)
 Metaspace       used 21157K, committed 21504K, reserved 1114112K
  class space    used 2601K, committed 2752K, reserved 1048576K
}
Event: 4.878 GC heap after
{Heap after GC invocations=7 (full 0):
 garbage-first heap   total 73728K, used 9169K [0x00000000c7200000, 0x0000000100000000)
  region size 1024K, 4 young (4096K), 4 survivors (4096K)
 Metaspace       used 21157K, committed 21504K, reserved 1114112K
  class space    used 2601K, committed 2752K, reserved 1048576K
}
Event: 5.414 GC heap before
{Heap before GC invocations=8 (full 0):
 garbage-first heap   total 40960K, used 29649K [0x00000000c7200000, 0x0000000100000000)
  region size 1024K, 24 young (24576K), 4 survivors (4096K)
 Metaspace       used 24347K, committed 24832K, reserved 1114112K
  class space    used 2956K, committed 3136K, reserved 1048576K
}
Event: 5.429 GC heap after
{Heap after GC invocations=9 (full 0):
 garbage-first heap   total 40960K, used 10762K [0x00000000c7200000, 0x0000000100000000)
  region size 1024K, 3 young (3072K), 3 survivors (3072K)
 Metaspace       used 24347K, committed 24832K, reserved 1114112K
  class space    used 2956K, committed 3136K, reserved 1048576K
}
Event: 5.444 GC heap before
{Heap before GC invocations=9 (full 0):
 garbage-first heap   total 40960K, used 11786K [0x00000000c7200000, 0x0000000100000000)
  region size 1024K, 4 young (4096K), 3 survivors (3072K)
 Metaspace       used 24428K, committed 24896K, reserved 1114112K
  class space    used 2965K, committed 3136K, reserved 1048576K
}
Event: 5.453 GC heap after
{Heap after GC invocations=10 (full 0):
 garbage-first heap   total 40960K, used 11543K [0x00000000c7200000, 0x0000000100000000)
  region size 1024K, 1 young (1024K), 1 survivors (1024K)
 Metaspace       used 24428K, committed 24896K, reserved 1114112K
  class space    used 2965K, committed 3136K, reserved 1048576K
}
Event: 5.913 GC heap before
{Heap before GC invocations=10 (full 0):
 garbage-first heap   total 40960K, used 29975K [0x00000000c7200000, 0x0000000100000000)
  region size 1024K, 19 young (19456K), 1 survivors (1024K)
 Metaspace       used 25948K, committed 26432K, reserved 1114112K
  class space    used 3161K, committed 3392K, reserved 1048576K
}
Event: 5.920 GC heap after
{Heap after GC invocations=11 (full 0):
 garbage-first heap   total 40960K, used 12020K [0x00000000c7200000, 0x0000000100000000)
  region size 1024K, 2 young (2048K), 2 survivors (2048K)
 Metaspace       used 25948K, committed 26432K, reserved 1114112K
  class space    used 3161K, committed 3392K, reserved 1048576K
}
Event: 11.743 GC heap before
{Heap before GC invocations=11 (full 0):
 garbage-first heap   total 40960K, used 30452K [0x00000000c7200000, 0x0000000100000000)
  region size 1024K, 20 young (20480K), 2 survivors (2048K)
 Metaspace       used 28269K, committed 28736K, reserved 1114112K
  class space    used 3443K, committed 3648K, reserved 1048576K
}
Event: 11.756 GC heap after
{Heap after GC invocations=12 (full 0):
 garbage-first heap   total 40960K, used 13012K [0x00000000c7200000, 0x0000000100000000)
  region size 1024K, 3 young (3072K), 3 survivors (3072K)
 Metaspace       used 28269K, committed 28736K, reserved 1114112K
  class space    used 3443K, committed 3648K, reserved 1048576K
}
Event: 12.040 GC heap before
{Heap before GC invocations=12 (full 0):
 garbage-first heap   total 40960K, used 29396K [0x00000000c7200000, 0x0000000100000000)
  region size 1024K, 20 young (20480K), 3 survivors (3072K)
 Metaspace       used 30487K, committed 30976K, reserved 1114112K
  class space    used 3690K, committed 3904K, reserved 1048576K
}
Event: 12.048 GC heap after
{Heap after GC invocations=13 (full 0):
 garbage-first heap   total 40960K, used 17056K [0x00000000c7200000, 0x0000000100000000)
  region size 1024K, 3 young (3072K), 3 survivors (3072K)
 Metaspace       used 30487K, committed 30976K, reserved 1114112K
  class space    used 3690K, committed 3904K, reserved 1048576K
}

