# JRE version: OpenJDK Runtime Environment (17.0.9+9) (build 17.0.9+9-Ubuntu-120.04)
# Java VM: OpenJDK 64-Bit Server VM (17.0.9+9-Ubuntu-120.04, mixed mode, sharing, tiered, compressed oops, compressed class ptrs, g1 gc, linux-amd64)
GC Precious Log:
 CPUs: 12 total, 12 available
 Memory: 3591M
 Large Page Support: Disabled
 NUMA Support: Disabled
 Compressed Oops: Enabled (32-bit)
 Heap Region Size: 1M
 Heap Min Capacity: 8M
 Heap Initial Capacity: 58M
 Heap Max Capacity: 898M
 Pre-touch: Disabled
 Parallel Workers: 10
 Concurrent Workers: 3
 Concurrent Refinement Workers: 10
 Periodic GC: Disabled
Heap:
 garbage-first heap   total 70656K, used 48301K [0x00000000c7e00000, 0x0000000100000000)
  region size 1024K, 39 young (39936K), 2 survivors (2048K)
 Metaspace       used 30584K, committed 30976K, reserved 1114112K
  class space    used 3835K, committed 4032K, reserved 1048576K
GC Heap History (20 events):
Event: 0.770 GC heap before
{Heap before GC invocations=0 (full 0):
 garbage-first heap   total 61440K, used 23472K [0x00000000c7e00000, 0x0000000100000000)
  region size 1024K, 23 young (23552K), 0 survivors (0K)
 Metaspace       used 3546K, committed 3840K, reserved 1114112K
  class space    used 352K, committed 512K, reserved 1048576K
}
Event: 0.774 GC heap after
{Heap after GC invocations=1 (full 0):
 garbage-first heap   total 61440K, used 2608K [0x00000000c7e00000, 0x0000000100000000)
  region size 1024K, 2 young (2048K), 2 survivors (2048K)
 Metaspace       used 3546K, committed 3840K, reserved 1114112K
  class space    used 352K, committed 512K, reserved 1048576K
}
Event: 1.518 GC heap before
{Heap before GC invocations=1 (full 0):
 garbage-first heap   total 61440K, used 35376K [0x00000000c7e00000, 0x0000000100000000)
  region size 1024K, 34 young (34816K), 2 survivors (2048K)
 Metaspace       used 7477K, committed 7744K, reserved 1114112K
  class space    used 913K, committed 1024K, reserved 1048576K
}
Event: 1.523 GC heap after
{Heap after GC invocations=2 (full 0):
 garbage-first heap   total 61440K, used 3740K [0x00000000c7e00000, 0x0000000100000000)
  region size 1024K, 3 young (3072K), 3 survivors (3072K)
 Metaspace       used 7477K, committed 7744K, reserved 1114112K
  class space    used 913K, committed 1024K, reserved 1048576K
}
Event: 2.031 GC heap before
{Heap before GC invocations=2 (full 0):
 garbage-first heap   total 61440K, used 35484K [0x00000000c7e00000, 0x0000000100000000)
  region size 1024K, 34 young (34816K), 3 survivors (3072K)
 Metaspace       used 11031K, committed 11328K, reserved 1114112K
  class space    used 1349K, committed 1472K, reserved 1048576K
}
Event: 2.036 GC heap after
{Heap after GC invocations=3 (full 0):
 garbage-first heap   total 61440K, used 4642K [0x00000000c7e00000, 0x0000000100000000)
  region size 1024K, 3 young (3072K), 3 survivors (3072K)
 Metaspace       used 11031K, committed 11328K, reserved 1114112K
  class space    used 1349K, committed 1472K, reserved 1048576K
}
Event: 2.536 GC heap before
{Heap before GC invocations=3 (full 0):
 garbage-first heap   total 61440K, used 36386K [0x00000000c7e00000, 0x0000000100000000)
  region size 1024K, 34 young (34816K), 3 survivors (3072K)
 Metaspace       used 14657K, committed 14912K, reserved 1114112K
  class space    used 1810K, committed 1920K, reserved 1048576K
}
Event: 2.539 GC heap after
{Heap after GC invocations=4 (full 0):
 garbage-first heap   total 61440K, used 5637K [0x00000000c7e00000, 0x0000000100000000)
  region size 1024K, 4 young (4096K), 4 survivors (4096K)
 Metaspace       used 14657K, committed 14912K, reserved 1114112K
  class space    used 1810K, committed 1920K, reserved 1048576K
}
Event: 2.913 GC heap before
{Heap before GC invocations=4 (full 0):
 garbage-first heap   total 61440K, used 36357K [0x00000000c7e00000, 0x0000000100000000)
  region size 1024K, 34 young (34816K), 4 survivors (4096K)
 Metaspace       used 16489K, committed 16768K, reserved 1114112K
  class space    used 2036K, committed 2176K, reserved 1048576K
}
Event: 2.918 GC heap after
{Heap after GC invocations=5 (full 0):
 garbage-first heap   total 61440K, used 6977K [0x00000000c7e00000, 0x0000000100000000)
  region size 1024K, 4 young (4096K), 4 survivors (4096K)
 Metaspace       used 16489K, committed 16768K, reserved 1114112K
  class space    used 2036K, committed 2176K, reserved 1048576K
}
Event: 3.577 GC heap before
{Heap before GC invocations=5 (full 0):
 garbage-first heap   total 61440K, used 37697K [0x00000000c7e00000, 0x0000000100000000)
  region size 1024K, 34 young (34816K), 4 survivors (4096K)
 Metaspace       used 18838K, committed 19136K, reserved 1114112K
  class space    used 2347K, committed 2496K, reserved 1048576K
}
Event: 3.583 GC heap after
{Heap after GC invocations=6 (full 0):
 garbage-first heap   total 61440K, used 7797K [0x00000000c7e00000, 0x0000000100000000)
  region size 1024K, 3 young (3072K), 3 survivors (3072K)
 Metaspace       used 18838K, committed 19136K, reserved 1114112K
  class space    used 2347K, committed 2496K, reserved 1048576K
}
Event: 3.985 GC heap before
{Heap before GC invocations=6 (full 0):
 garbage-first heap   total 61440K, used 28277K [0x00000000c7e00000, 0x0000000100000000)
  region size 1024K, 24 young (24576K), 3 survivors (3072K)
 Metaspace       used 21128K, committed 21504K, reserved 1114112K
  class space    used 2690K, committed 2880K, reserved 1048576K
}
Event: 3.990 GC heap after
{Heap after GC invocations=7 (full 0):
 garbage-first heap   total 61440K, used 8975K [0x00000000c7e00000, 0x0000000100000000)
  region size 1024K, 4 young (4096K), 4 survivors (4096K)
 Metaspace       used 21128K, committed 21504K, reserved 1114112K
  class space    used 2690K, committed 2880K, reserved 1048576K
}
Event: 4.326 GC heap before
{Heap before GC invocations=8 (full 0):
 garbage-first heap   total 40960K, used 29455K [0x00000000c7e00000, 0x0000000100000000)
  region size 1024K, 24 young (24576K), 4 survivors (4096K)
 Metaspace       used 24199K, committed 24640K, reserved 1114112K
  class space    used 3032K, committed 3264K, reserved 1048576K
}
Event: 4.334 GC heap after
{Heap after GC invocations=9 (full 0):
 garbage-first heap   total 40960K, used 10438K [0x00000000c7e00000, 0x0000000100000000)
  region size 1024K, 3 young (3072K), 3 survivors (3072K)
 Metaspace       used 24199K, committed 24640K, reserved 1114112K
  class space    used 3032K, committed 3264K, reserved 1048576K
}
Event: 4.353 GC heap before
{Heap before GC invocations=9 (full 0):
 garbage-first heap   total 40960K, used 11462K [0x00000000c7e00000, 0x0000000100000000)
  region size 1024K, 4 young (4096K), 3 survivors (3072K)
 Metaspace       used 24283K, committed 24704K, reserved 1114112K
  class space    used 3050K, committed 3264K, reserved 1048576K
}
Event: 4.358 GC heap after
{Heap after GC invocations=10 (full 0):
 garbage-first heap   total 40960K, used 10918K [0x00000000c7e00000, 0x0000000100000000)
  region size 1024K, 1 young (1024K), 1 survivors (1024K)
 Metaspace       used 24283K, committed 24704K, reserved 1114112K
  class space    used 3050K, committed 3264K, reserved 1048576K
}
Event: 4.672 GC heap before
{Heap before GC invocations=10 (full 0):
 garbage-first heap   total 40960K, used 30374K [0x00000000c7e00000, 0x0000000100000000)
  region size 1024K, 20 young (20480K), 1 survivors (1024K)
 Metaspace       used 25889K, committed 26304K, reserved 1114112K
  class space    used 3259K, committed 3456K, reserved 1048576K
}
Event: 4.674 GC heap after
{Heap after GC invocations=11 (full 0):
 garbage-first heap   total 70656K, used 11437K [0x00000000c7e00000, 0x0000000100000000)
  region size 1024K, 2 young (2048K), 2 survivors (2048K)
 Metaspace       used 25889K, committed 26304K, reserved 1114112K
  class space    used 3259K, committed 3456K, reserved 1048576K
}

