# JRE version: OpenJDK Runtime Environment (17.0.9+9) (build 17.0.9+9-Ubuntu-120.04)
# Java VM: OpenJDK 64-Bit Server VM (17.0.9+9-Ubuntu-120.04, mixed mode, sharing, tiered, compressed oops, compressed class ptrs, g1 gc, linux-amd64)
GC Precious Log:
 CPUs: 12 total, 12 available
 Memory: 3591M
 Large Page Support: Disabled
 NUMA Support: Disabled
 Compressed Oops: Enabled (32-bit)
 Heap Region Size: 1M
 Heap Min Capacity: 8M
 Heap Initial Capacity: 58M
 Heap Max Capacity: 898M
 Pre-touch: Disabled
 Parallel Workers: 10
 Concurrent Workers: 3
 Concurrent Refinement Workers: 10
 Periodic GC: Disabled
Heap:
 garbage-first heap   total 66560K, used 47489K [0x00000000c7e00000, 0x0000000100000000)
  region size 1024K, 39 young (39936K), 2 survivors (2048K)
 Metaspace       used 30578K, committed 30976K, reserved 1114112K
  class space    used 3837K, committed 4032K, reserved 1048576K
GC Heap History (20 events):
Event: 0.656 GC heap before
{Heap before GC invocations=0 (full 0):
 garbage-first heap   total 61440K, used 24496K [0x00000000c7e00000, 0x0000000100000000)
  region size 1024K, 23 young (23552K), 0 survivors (0K)
 Metaspace       used 3546K, committed 3840K, reserved 1114112K
  class space    used 352K, committed 512K, reserved 1048576K
}
Event: 0.660 GC heap after
{Heap after GC invocations=1 (full 0):
 garbage-first heap   total 61440K, used 2608K [0x00000000c7e00000, 0x0000000100000000)
  region size 1024K, 2 young (2048K), 2 survivors (2048K)
 Metaspace       used 3546K, committed 3840K, reserved 1114112K
  class space    used 352K, committed 512K, reserved 1048576K
}
Event: 1.539 GC heap before
{Heap before GC invocations=1 (full 0):
 garbage-first heap   total 61440K, used 35376K [0x00000000c7e00000, 0x0000000100000000)
  region size 1024K, 34 young (34816K), 2 survivors (2048K)
 Metaspace       used 7488K, committed 7744K, reserved 1114112K
  class space    used 916K, committed 1024K, reserved 1048576K
}
Event: 1.544 GC heap after
{Heap after GC invocations=2 (full 0):
 garbage-first heap   total 61440K, used 3741K [0x00000000c7e00000, 0x0000000100000000)
  region size 1024K, 3 young (3072K), 3 survivors (3072K)
 Metaspace       used 7488K, committed 7744K, reserved 1114112K
  class space    used 916K, committed 1024K, reserved 1048576K
}
Event: 2.106 GC heap before
{Heap before GC invocations=2 (full 0):
 garbage-first heap   total 61440K, used 34461K [0x00000000c7e00000, 0x0000000100000000)
  region size 1024K, 34 young (34816K), 3 survivors (3072K)
 Metaspace       used 11024K, committed 11264K, reserved 1114112K
  class space    used 1351K, committed 1472K, reserved 1048576K
}
Event: 2.110 GC heap after
{Heap after GC invocations=3 (full 0):
 garbage-first heap   total 61440K, used 4644K [0x00000000c7e00000, 0x0000000100000000)
  region size 1024K, 3 young (3072K), 3 survivors (3072K)
 Metaspace       used 11024K, committed 11264K, reserved 1114112K
  class space    used 1351K, committed 1472K, reserved 1048576K
}
Event: 2.614 GC heap before
{Heap before GC invocations=3 (full 0):
 garbage-first heap   total 61440K, used 35364K [0x00000000c7e00000, 0x0000000100000000)
  region size 1024K, 34 young (34816K), 3 survivors (3072K)
 Metaspace       used 14655K, committed 14912K, reserved 1114112K
  class space    used 1811K, committed 1920K, reserved 1048576K
}
Event: 2.617 GC heap after
{Heap after GC invocations=4 (full 0):
 garbage-first heap   total 61440K, used 5642K [0x00000000c7e00000, 0x0000000100000000)
  region size 1024K, 4 young (4096K), 4 survivors (4096K)
 Metaspace       used 14655K, committed 14912K, reserved 1114112K
  class space    used 1811K, committed 1920K, reserved 1048576K
}
Event: 3.006 GC heap before
{Heap before GC invocations=4 (full 0):
 garbage-first heap   total 61440K, used 36362K [0x00000000c7e00000, 0x0000000100000000)
  region size 1024K, 34 young (34816K), 4 survivors (4096K)
 Metaspace       used 16495K, committed 16768K, reserved 1114112K
  class space    used 2037K, committed 2176K, reserved 1048576K
}
Event: 3.011 GC heap after
{Heap after GC invocations=5 (full 0):
 garbage-first heap   total 61440K, used 7009K [0x00000000c7e00000, 0x0000000100000000)
  region size 1024K, 4 young (4096K), 4 survivors (4096K)
 Metaspace       used 16495K, committed 16768K, reserved 1114112K
  class space    used 2037K, committed 2176K, reserved 1048576K
}
Event: 3.913 GC heap before
{Heap before GC invocations=5 (full 0):
 garbage-first heap   total 61440K, used 37729K [0x00000000c7e00000, 0x0000000100000000)
  region size 1024K, 34 young (34816K), 4 survivors (4096K)
 Metaspace       used 18848K, committed 19264K, reserved 1114112K
  class space    used 2352K, committed 2560K, reserved 1048576K
}
Event: 3.920 GC heap after
{Heap after GC invocations=6 (full 0):
 garbage-first heap   total 61440K, used 7798K [0x00000000c7e00000, 0x0000000100000000)
  region size 1024K, 3 young (3072K), 3 survivors (3072K)
 Metaspace       used 18848K, committed 19264K, reserved 1114112K
  class space    used 2352K, committed 2560K, reserved 1048576K
}
Event: 4.381 GC heap before
{Heap before GC invocations=6 (full 0):
 garbage-first heap   total 61440K, used 28278K [0x00000000c7e00000, 0x0000000100000000)
  region size 1024K, 24 young (24576K), 3 survivors (3072K)
 Metaspace       used 21132K, committed 21504K, reserved 1114112K
  class space    used 2690K, committed 2880K, reserved 1048576K
}
Event: 4.388 GC heap after
{Heap after GC invocations=7 (full 0):
 garbage-first heap   total 61440K, used 8978K [0x00000000c7e00000, 0x0000000100000000)
  region size 1024K, 4 young (4096K), 4 survivors (4096K)
 Metaspace       used 21132K, committed 21504K, reserved 1114112K
  class space    used 2690K, committed 2880K, reserved 1048576K
}
Event: 4.759 GC heap before
{Heap before GC invocations=8 (full 0):
 garbage-first heap   total 40960K, used 29458K [0x00000000c7e00000, 0x0000000100000000)
  region size 1024K, 24 young (24576K), 4 survivors (4096K)
 Metaspace       used 24201K, committed 24640K, reserved 1114112K
  class space    used 3033K, committed 3264K, reserved 1048576K
}
Event: 4.765 GC heap after
{Heap after GC invocations=9 (full 0):
 garbage-first heap   total 40960K, used 10516K [0x00000000c7e00000, 0x0000000100000000)
  region size 1024K, 3 young (3072K), 3 survivors (3072K)
 Metaspace       used 24201K, committed 24640K, reserved 1114112K
  class space    used 3033K, committed 3264K, reserved 1048576K
}
Event: 4.789 GC heap before
{Heap before GC invocations=9 (full 0):
 garbage-first heap   total 40960K, used 11540K [0x00000000c7e00000, 0x0000000100000000)
  region size 1024K, 4 young (4096K), 3 survivors (3072K)
 Metaspace       used 24286K, committed 24704K, reserved 1114112K
  class space    used 3052K, committed 3264K, reserved 1048576K
}
Event: 4.793 GC heap after
{Heap after GC invocations=10 (full 0):
 garbage-first heap   total 40960K, used 11102K [0x00000000c7e00000, 0x0000000100000000)
  region size 1024K, 1 young (1024K), 1 survivors (1024K)
 Metaspace       used 24286K, committed 24704K, reserved 1114112K
  class space    used 3052K, committed 3264K, reserved 1048576K
}
Event: 5.153 GC heap before
{Heap before GC invocations=10 (full 0):
 garbage-first heap   total 40960K, used 30558K [0x00000000c7e00000, 0x0000000100000000)
  region size 1024K, 20 young (20480K), 1 survivors (1024K)
 Metaspace       used 25885K, committed 26304K, reserved 1114112K
  class space    used 3261K, committed 3456K, reserved 1048576K
}
Event: 5.155 GC heap after
{Heap after GC invocations=11 (full 0):
 garbage-first heap   total 66560K, used 11649K [0x00000000c7e00000, 0x0000000100000000)
  region size 1024K, 2 young (2048K), 2 survivors (2048K)
 Metaspace       used 25885K, committed 26304K, reserved 1114112K
  class space    used 3261K, committed 3456K, reserved 1048576K
}

