# JRE version: OpenJDK Runtime Environment (17.0.9+9) (build 17.0.9+9-Ubuntu-120.04)
# Java VM: OpenJDK 64-Bit Server VM (17.0.9+9-Ubuntu-120.04, mixed mode, sharing, tiered, compressed oops, compressed class ptrs, g1 gc, linux-amd64)
GC Precious Log:
 CPUs: 12 total, 12 available
 Memory: 3591M
 Large Page Support: Disabled
 NUMA Support: Disabled
 Compressed Oops: Enabled (32-bit)
 Heap Region Size: 1M
 Heap Min Capacity: 8M
 Heap Initial Capacity: 58M
 Heap Max Capacity: 898M
 Pre-touch: Disabled
 Parallel Workers: 10
 Concurrent Workers: 3
 Concurrent Refinement Workers: 10
 Periodic GC: Disabled
Heap:
 garbage-first heap   total 40960K, used 13502K [0x00000000c7e00000, 0x0000000100000000)
  region size 1024K, 4 young (4096K), 3 survivors (3072K)
 Metaspace       used 30568K, committed 30976K, reserved 1114112K
  class space    used 3838K, committed 4032K, reserved 1048576K
GC Heap History (20 events):
Event: 1.911 GC heap before
{Heap before GC invocations=2 (full 0):
 garbage-first heap   total 61440K, used 35334K [0x00000000c7e00000, 0x0000000100000000)
  region size 1024K, 34 young (34816K), 3 survivors (3072K)
 Metaspace       used 11057K, committed 11264K, reserved 1114112K
  class space    used 1352K, committed 1472K, reserved 1048576K
}
Event: 1.916 GC heap after
{Heap after GC invocations=3 (full 0):
 garbage-first heap   total 61440K, used 4411K [0x00000000c7e00000, 0x0000000100000000)
  region size 1024K, 2 young (2048K), 2 survivors (2048K)
 Metaspace       used 11057K, committed 11264K, reserved 1114112K
  class space    used 1352K, committed 1472K, reserved 1048576K
}
Event: 2.435 GC heap before
{Heap before GC invocations=3 (full 0):
 garbage-first heap   total 61440K, used 37179K [0x00000000c7e00000, 0x0000000100000000)
  region size 1024K, 34 young (34816K), 2 survivors (2048K)
 Metaspace       used 14778K, committed 15104K, reserved 1114112K
  class space    used 1832K, committed 1984K, reserved 1048576K
}
Event: 2.438 GC heap after
{Heap after GC invocations=4 (full 0):
 garbage-first heap   total 61440K, used 5634K [0x00000000c7e00000, 0x0000000100000000)
  region size 1024K, 4 young (4096K), 4 survivors (4096K)
 Metaspace       used 14778K, committed 15104K, reserved 1114112K
  class space    used 1832K, committed 1984K, reserved 1048576K
}
Event: 2.849 GC heap before
{Heap before GC invocations=4 (full 0):
 garbage-first heap   total 61440K, used 35330K [0x00000000c7e00000, 0x0000000100000000)
  region size 1024K, 34 young (34816K), 4 survivors (4096K)
 Metaspace       used 16535K, committed 16768K, reserved 1114112K
  class space    used 2044K, committed 2176K, reserved 1048576K
}
Event: 2.853 GC heap after
{Heap after GC invocations=5 (full 0):
 garbage-first heap   total 61440K, used 6996K [0x00000000c7e00000, 0x0000000100000000)
  region size 1024K, 4 young (4096K), 4 survivors (4096K)
 Metaspace       used 16535K, committed 16768K, reserved 1114112K
  class space    used 2044K, committed 2176K, reserved 1048576K
}
Event: 3.535 GC heap before
{Heap before GC invocations=5 (full 0):
 garbage-first heap   total 61440K, used 37716K [0x00000000c7e00000, 0x0000000100000000)
  region size 1024K, 34 young (34816K), 4 survivors (4096K)
 Metaspace       used 19019K, committed 19392K, reserved 1114112K
  class space    used 2365K, committed 2560K, reserved 1048576K
}
Event: 3.541 GC heap after
{Heap after GC invocations=6 (full 0):
 garbage-first heap   total 61440K, used 7820K [0x00000000c7e00000, 0x0000000100000000)
  region size 1024K, 3 young (3072K), 3 survivors (3072K)
 Metaspace       used 19019K, committed 19392K, reserved 1114112K
  class space    used 2365K, committed 2560K, reserved 1048576K
}
Event: 3.911 GC heap before
{Heap before GC invocations=6 (full 0):
 garbage-first heap   total 61440K, used 27276K [0x00000000c7e00000, 0x0000000100000000)
  region size 1024K, 23 young (23552K), 3 survivors (3072K)
 Metaspace       used 21121K, committed 21504K, reserved 1114112K
  class space    used 2690K, committed 2880K, reserved 1048576K
}
Event: 3.916 GC heap after
{Heap after GC invocations=7 (full 0):
 garbage-first heap   total 61440K, used 8995K [0x00000000c7e00000, 0x0000000100000000)
  region size 1024K, 4 young (4096K), 4 survivors (4096K)
 Metaspace       used 21121K, committed 21504K, reserved 1114112K
  class space    used 2690K, committed 2880K, reserved 1048576K
}
Event: 4.269 GC heap before
{Heap before GC invocations=8 (full 0):
 garbage-first heap   total 40960K, used 29475K [0x00000000c7e00000, 0x0000000100000000)
  region size 1024K, 24 young (24576K), 4 survivors (4096K)
 Metaspace       used 24194K, committed 24640K, reserved 1114112K
  class space    used 3033K, committed 3264K, reserved 1048576K
}
Event: 4.277 GC heap after
{Heap after GC invocations=9 (full 0):
 garbage-first heap   total 40960K, used 10535K [0x00000000c7e00000, 0x0000000100000000)
  region size 1024K, 3 young (3072K), 3 survivors (3072K)
 Metaspace       used 24194K, committed 24640K, reserved 1114112K
  class space    used 3033K, committed 3264K, reserved 1048576K
}
Event: 4.298 GC heap before
{Heap before GC invocations=9 (full 0):
 garbage-first heap   total 40960K, used 11559K [0x00000000c7e00000, 0x0000000100000000)
  region size 1024K, 4 young (4096K), 3 survivors (3072K)
 Metaspace       used 24278K, committed 24704K, reserved 1114112K
  class space    used 3051K, committed 3264K, reserved 1048576K
}
Event: 4.302 GC heap after
{Heap after GC invocations=10 (full 0):
 garbage-first heap   total 40960K, used 10912K [0x00000000c7e00000, 0x0000000100000000)
  region size 1024K, 1 young (1024K), 1 survivors (1024K)
 Metaspace       used 24278K, committed 24704K, reserved 1114112K
  class space    used 3051K, committed 3264K, reserved 1048576K
}
Event: 4.636 GC heap before
{Heap before GC invocations=10 (full 0):
 garbage-first heap   total 40960K, used 30368K [0x00000000c7e00000, 0x0000000100000000)
  region size 1024K, 20 young (20480K), 1 survivors (1024K)
 Metaspace       used 25882K, committed 26304K, reserved 1114112K
  class space    used 3262K, committed 3456K, reserved 1048576K
}
Event: 4.638 GC heap after
{Heap after GC invocations=11 (full 0):
 garbage-first heap   total 40960K, used 11437K [0x00000000c7e00000, 0x0000000100000000)
  region size 1024K, 2 young (2048K), 2 survivors (2048K)
 Metaspace       used 25882K, committed 26304K, reserved 1114112K
  class space    used 3262K, committed 3456K, reserved 1048576K
}
Event: 15.691 GC heap before
{Heap before GC invocations=11 (full 0):
 garbage-first heap   total 40960K, used 29869K [0x00000000c7e00000, 0x0000000100000000)
  region size 1024K, 20 young (20480K), 2 survivors (2048K)
 Metaspace       used 27748K, committed 28160K, reserved 1114112K
  class space    used 3506K, committed 3712K, reserved 1048576K
}
Event: 15.693 GC heap after
{Heap after GC invocations=12 (full 0):
 garbage-first heap   total 40960K, used 12388K [0x00000000c7e00000, 0x0000000100000000)
  region size 1024K, 3 young (3072K), 3 survivors (3072K)
 Metaspace       used 27748K, committed 28160K, reserved 1114112K
  class space    used 3506K, committed 3712K, reserved 1048576K
}
Event: 16.035 GC heap before
{Heap before GC invocations=12 (full 0):
 garbage-first heap   total 40960K, used 29796K [0x00000000c7e00000, 0x0000000100000000)
  region size 1024K, 20 young (20480K), 3 survivors (3072K)
 Metaspace       used 30555K, committed 30976K, reserved 1114112K
  class space    used 3836K, committed 4032K, reserved 1048576K
}
Event: 16.037 GC heap after
{Heap after GC invocations=13 (full 0):
 garbage-first heap   total 40960K, used 13502K [0x00000000c7e00000, 0x0000000100000000)
  region size 1024K, 3 young (3072K), 3 survivors (3072K)
 Metaspace       used 30555K, committed 30976K, reserved 1114112K
  class space    used 3836K, committed 4032K, reserved 1048576K
}

