# JRE version: OpenJDK Runtime Environment (17.0.9+9) (build 17.0.9+9-Ubuntu-120.04)
# Java VM: OpenJDK 64-Bit Server VM (17.0.9+9-Ubuntu-120.04, mixed mode, sharing, tiered, compressed oops, compressed class ptrs, g1 gc, linux-amd64)
GC Precious Log:
 CPUs: 12 total, 12 available
 Memory: 3591M
 Large Page Support: Disabled
 NUMA Support: Disabled
 Compressed Oops: Enabled (32-bit)
 Heap Region Size: 1M
 Heap Min Capacity: 8M
 Heap Initial Capacity: 58M
 Heap Max Capacity: 898M
 Pre-touch: Disabled
 Parallel Workers: 10
 Concurrent Workers: 3
 Concurrent Refinement Workers: 10
 Periodic GC: Disabled
Heap:
 garbage-first heap   total 69632K, used 18014K [0x00000000c7e00000, 0x0000000100000000)
  region size 1024K, 6 young (6144K), 2 survivors (2048K)
 Metaspace       used 30999K, committed 31488K, reserved 1114112K
  class space    used 3865K, committed 4096K, reserved 1048576K
GC Heap History (20 events):
Event: 2.213 GC heap before
{Heap before GC invocations=2 (full 0):
 garbage-first heap   total 61440K, used 35485K [0x00000000c7e00000, 0x0000000100000000)
  region size 1024K, 34 young (34816K), 3 survivors (3072K)
 Metaspace       used 11074K, committed 11328K, reserved 1114112K
  class space    used 1352K, committed 1472K, reserved 1048576K
}
Event: 2.221 GC heap after
{Heap after GC invocations=3 (full 0):
 garbage-first heap   total 61440K, used 4527K [0x00000000c7e00000, 0x0000000100000000)
  region size 1024K, 3 young (3072K), 3 survivors (3072K)
 Metaspace       used 11074K, committed 11328K, reserved 1114112K
  class space    used 1352K, committed 1472K, reserved 1048576K
}
Event: 2.876 GC heap before
{Heap before GC invocations=3 (full 0):
 garbage-first heap   total 61440K, used 36271K [0x00000000c7e00000, 0x0000000100000000)
  region size 1024K, 34 young (34816K), 3 survivors (3072K)
 Metaspace       used 14722K, committed 15040K, reserved 1114112K
  class space    used 1819K, committed 1984K, reserved 1048576K
}
Event: 2.879 GC heap after
{Heap after GC invocations=4 (full 0):
 garbage-first heap   total 61440K, used 5735K [0x00000000c7e00000, 0x0000000100000000)
  region size 1024K, 4 young (4096K), 4 survivors (4096K)
 Metaspace       used 14722K, committed 15040K, reserved 1114112K
  class space    used 1819K, committed 1984K, reserved 1048576K
}
Event: 3.312 GC heap before
{Heap before GC invocations=4 (full 0):
 garbage-first heap   total 61440K, used 36455K [0x00000000c7e00000, 0x0000000100000000)
  region size 1024K, 34 young (34816K), 4 survivors (4096K)
 Metaspace       used 16479K, committed 16768K, reserved 1114112K
  class space    used 2037K, committed 2176K, reserved 1048576K
}
Event: 3.316 GC heap after
{Heap after GC invocations=5 (full 0):
 garbage-first heap   total 61440K, used 7007K [0x00000000c7e00000, 0x0000000100000000)
  region size 1024K, 4 young (4096K), 4 survivors (4096K)
 Metaspace       used 16479K, committed 16768K, reserved 1114112K
  class space    used 2037K, committed 2176K, reserved 1048576K
}
Event: 4.061 GC heap before
{Heap before GC invocations=5 (full 0):
 garbage-first heap   total 61440K, used 37727K [0x00000000c7e00000, 0x0000000100000000)
  region size 1024K, 34 young (34816K), 4 survivors (4096K)
 Metaspace       used 18865K, committed 19200K, reserved 1114112K
  class space    used 2352K, committed 2496K, reserved 1048576K
}
Event: 4.067 GC heap after
{Heap after GC invocations=6 (full 0):
 garbage-first heap   total 61440K, used 7814K [0x00000000c7e00000, 0x0000000100000000)
  region size 1024K, 3 young (3072K), 3 survivors (3072K)
 Metaspace       used 18865K, committed 19200K, reserved 1114112K
  class space    used 2352K, committed 2496K, reserved 1048576K
}
Event: 4.494 GC heap before
{Heap before GC invocations=6 (full 0):
 garbage-first heap   total 61440K, used 28294K [0x00000000c7e00000, 0x0000000100000000)
  region size 1024K, 24 young (24576K), 3 survivors (3072K)
 Metaspace       used 21128K, committed 21504K, reserved 1114112K
  class space    used 2689K, committed 2880K, reserved 1048576K
}
Event: 4.499 GC heap after
{Heap after GC invocations=7 (full 0):
 garbage-first heap   total 61440K, used 8996K [0x00000000c7e00000, 0x0000000100000000)
  region size 1024K, 4 young (4096K), 4 survivors (4096K)
 Metaspace       used 21128K, committed 21504K, reserved 1114112K
  class space    used 2689K, committed 2880K, reserved 1048576K
}
Event: 4.882 GC heap before
{Heap before GC invocations=8 (full 0):
 garbage-first heap   total 40960K, used 29476K [0x00000000c7e00000, 0x0000000100000000)
  region size 1024K, 24 young (24576K), 4 survivors (4096K)
 Metaspace       used 24199K, committed 24640K, reserved 1114112K
  class space    used 3032K, committed 3264K, reserved 1048576K
}
Event: 4.893 GC heap after
{Heap after GC invocations=9 (full 0):
 garbage-first heap   total 40960K, used 10609K [0x00000000c7e00000, 0x0000000100000000)
  region size 1024K, 3 young (3072K), 3 survivors (3072K)
 Metaspace       used 24199K, committed 24640K, reserved 1114112K
  class space    used 3032K, committed 3264K, reserved 1048576K
}
Event: 4.920 GC heap before
{Heap before GC invocations=9 (full 0):
 garbage-first heap   total 40960K, used 11633K [0x00000000c7e00000, 0x0000000100000000)
  region size 1024K, 4 young (4096K), 3 survivors (3072K)
 Metaspace       used 24282K, committed 24704K, reserved 1114112K
  class space    used 3050K, committed 3264K, reserved 1048576K
}
Event: 4.926 GC heap after
{Heap after GC invocations=10 (full 0):
 garbage-first heap   total 40960K, used 11100K [0x00000000c7e00000, 0x0000000100000000)
  region size 1024K, 1 young (1024K), 1 survivors (1024K)
 Metaspace       used 24282K, committed 24704K, reserved 1114112K
  class space    used 3050K, committed 3264K, reserved 1048576K
}
Event: 5.283 GC heap before
{Heap before GC invocations=10 (full 0):
 garbage-first heap   total 40960K, used 30556K [0x00000000c7e00000, 0x0000000100000000)
  region size 1024K, 20 young (20480K), 1 survivors (1024K)
 Metaspace       used 25894K, committed 26304K, reserved 1114112K
  class space    used 3259K, committed 3456K, reserved 1048576K
}
Event: 5.286 GC heap after
{Heap after GC invocations=11 (full 0):
 garbage-first heap   total 69632K, used 11638K [0x00000000c7e00000, 0x0000000100000000)
  region size 1024K, 2 young (2048K), 2 survivors (2048K)
 Metaspace       used 25894K, committed 26304K, reserved 1114112K
  class space    used 3259K, committed 3456K, reserved 1048576K
}
Event: 12.314 GC heap before
{Heap before GC invocations=11 (full 0):
 garbage-first heap   total 69632K, used 50550K [0x00000000c7e00000, 0x0000000100000000)
  region size 1024K, 40 young (40960K), 2 survivors (2048K)
 Metaspace       used 30566K, committed 30976K, reserved 1114112K
  class space    used 3831K, committed 4032K, reserved 1048576K
}
Event: 12.318 GC heap after
{Heap after GC invocations=12 (full 0):
 garbage-first heap   total 69632K, used 14833K [0x00000000c7e00000, 0x0000000100000000)
  region size 1024K, 5 young (5120K), 5 survivors (5120K)
 Metaspace       used 30566K, committed 30976K, reserved 1114112K
  class space    used 3831K, committed 4032K, reserved 1048576K
}
Event: 17.788 GC heap before
{Heap before GC invocations=12 (full 0):
 garbage-first heap   total 69632K, used 50673K [0x00000000c7e00000, 0x0000000100000000)
  region size 1024K, 40 young (40960K), 5 survivors (5120K)
 Metaspace       used 30998K, committed 31488K, reserved 1114112K
  class space    used 3865K, committed 4096K, reserved 1048576K
}
Event: 17.791 GC heap after
{Heap after GC invocations=13 (full 0):
 garbage-first heap   total 69632K, used 14942K [0x00000000c7e00000, 0x0000000100000000)
  region size 1024K, 2 young (2048K), 2 survivors (2048K)
 Metaspace       used 30998K, committed 31488K, reserved 1114112K
  class space    used 3865K, committed 4096K, reserved 1048576K
}

