# JRE version: OpenJDK Runtime Environment (17.0.9+9) (build 17.0.9+9-Ubuntu-120.04)
# Java VM: OpenJDK 64-Bit Server VM (17.0.9+9-Ubuntu-120.04, mixed mode, sharing, tiered, compressed oops, compressed class ptrs, g1 gc, linux-amd64)
GC Precious Log:
 CPUs: 12 total, 12 available
 Memory: 3591M
 Large Page Support: Disabled
 NUMA Support: Disabled
 Compressed Oops: Enabled (32-bit)
 Heap Region Size: 1M
 Heap Min Capacity: 8M
 Heap Initial Capacity: 58M
 Heap Max Capacity: 898M
 Pre-touch: Disabled
 Parallel Workers: 10
 Concurrent Workers: 3
 Concurrent Refinement Workers: 10
 Periodic GC: Disabled
Heap:
 garbage-first heap   total 49152K, used 18959K [0x00000000c7e00000, 0x0000000100000000)
  region size 1024K, 9 young (9216K), 3 survivors (3072K)
 Metaspace       used 30967K, committed 31424K, reserved 1114112K
  class space    used 3868K, committed 4096K, reserved 1048576K
GC Heap History (20 events):
Event: 2.072 GC heap before
{Heap before GC invocations=2 (full 0):
 garbage-first heap   total 61440K, used 34462K [0x00000000c7e00000, 0x0000000100000000)
  region size 1024K, 34 young (34816K), 3 survivors (3072K)
 Metaspace       used 11136K, committed 11392K, reserved 1114112K
  class space    used 1366K, committed 1472K, reserved 1048576K
}
Event: 2.077 GC heap after
{Heap after GC invocations=3 (full 0):
 garbage-first heap   total 61440K, used 4528K [0x00000000c7e00000, 0x0000000100000000)
  region size 1024K, 3 young (3072K), 3 survivors (3072K)
 Metaspace       used 11136K, committed 11392K, reserved 1114112K
  class space    used 1366K, committed 1472K, reserved 1048576K
}
Event: 2.777 GC heap before
{Heap before GC invocations=3 (full 0):
 garbage-first heap   total 61440K, used 36272K [0x00000000c7e00000, 0x0000000100000000)
  region size 1024K, 34 young (34816K), 3 survivors (3072K)
 Metaspace       used 14734K, committed 15040K, reserved 1114112K
  class space    used 1825K, committed 1984K, reserved 1048576K
}
Event: 2.781 GC heap after
{Heap after GC invocations=4 (full 0):
 garbage-first heap   total 61440K, used 5638K [0x00000000c7e00000, 0x0000000100000000)
  region size 1024K, 4 young (4096K), 4 survivors (4096K)
 Metaspace       used 14734K, committed 15040K, reserved 1114112K
  class space    used 1825K, committed 1984K, reserved 1048576K
}
Event: 3.481 GC heap before
{Heap before GC invocations=4 (full 0):
 garbage-first heap   total 61440K, used 35334K [0x00000000c7e00000, 0x0000000100000000)
  region size 1024K, 34 young (34816K), 4 survivors (4096K)
 Metaspace       used 16552K, committed 16832K, reserved 1114112K
  class space    used 2044K, committed 2176K, reserved 1048576K
}
Event: 3.490 GC heap after
{Heap after GC invocations=5 (full 0):
 garbage-first heap   total 61440K, used 7024K [0x00000000c7e00000, 0x0000000100000000)
  region size 1024K, 4 young (4096K), 4 survivors (4096K)
 Metaspace       used 16552K, committed 16832K, reserved 1114112K
  class space    used 2044K, committed 2176K, reserved 1048576K
}
Event: 4.428 GC heap before
{Heap before GC invocations=5 (full 0):
 garbage-first heap   total 61440K, used 37744K [0x00000000c7e00000, 0x0000000100000000)
  region size 1024K, 34 young (34816K), 4 survivors (4096K)
 Metaspace       used 19028K, committed 19456K, reserved 1114112K
  class space    used 2367K, committed 2560K, reserved 1048576K
}
Event: 4.438 GC heap after
{Heap after GC invocations=6 (full 0):
 garbage-first heap   total 61440K, used 7728K [0x00000000c7e00000, 0x0000000100000000)
  region size 1024K, 3 young (3072K), 3 survivors (3072K)
 Metaspace       used 19028K, committed 19456K, reserved 1114112K
  class space    used 2367K, committed 2560K, reserved 1048576K
}
Event: 5.077 GC heap before
{Heap before GC invocations=6 (full 0):
 garbage-first heap   total 61440K, used 26160K [0x00000000c7e00000, 0x0000000100000000)
  region size 1024K, 22 young (22528K), 3 survivors (3072K)
 Metaspace       used 21122K, committed 21504K, reserved 1114112K
  class space    used 2691K, committed 2880K, reserved 1048576K
}
Event: 5.083 GC heap after
{Heap after GC invocations=7 (full 0):
 garbage-first heap   total 61440K, used 8904K [0x00000000c7e00000, 0x0000000100000000)
  region size 1024K, 4 young (4096K), 4 survivors (4096K)
 Metaspace       used 21122K, committed 21504K, reserved 1114112K
  class space    used 2691K, committed 2880K, reserved 1048576K
}
Event: 5.530 GC heap before
{Heap before GC invocations=8 (full 0):
 garbage-first heap   total 40960K, used 29384K [0x00000000c7e00000, 0x0000000100000000)
  region size 1024K, 24 young (24576K), 4 survivors (4096K)
 Metaspace       used 24196K, committed 24640K, reserved 1114112K
  class space    used 3033K, committed 3264K, reserved 1048576K
}
Event: 5.537 GC heap after
{Heap after GC invocations=9 (full 0):
 garbage-first heap   total 40960K, used 10398K [0x00000000c7e00000, 0x0000000100000000)
  region size 1024K, 3 young (3072K), 3 survivors (3072K)
 Metaspace       used 24196K, committed 24640K, reserved 1114112K
  class space    used 3033K, committed 3264K, reserved 1048576K
}
Event: 5.571 GC heap before
{Heap before GC invocations=9 (full 0):
 garbage-first heap   total 40960K, used 11422K [0x00000000c7e00000, 0x0000000100000000)
  region size 1024K, 4 young (4096K), 3 survivors (3072K)
 Metaspace       used 24297K, committed 24704K, reserved 1114112K
  class space    used 3058K, committed 3264K, reserved 1048576K
}
Event: 5.578 GC heap after
{Heap after GC invocations=10 (full 0):
 garbage-first heap   total 49152K, used 11063K [0x00000000c7e00000, 0x0000000100000000)
  region size 1024K, 1 young (1024K), 1 survivors (1024K)
 Metaspace       used 24297K, committed 24704K, reserved 1114112K
  class space    used 3058K, committed 3264K, reserved 1048576K
}
Event: 6.256 GC heap before
{Heap before GC invocations=10 (full 0):
 garbage-first heap   total 49152K, used 36663K [0x00000000c7e00000, 0x0000000100000000)
  region size 1024K, 26 young (26624K), 1 survivors (1024K)
 Metaspace       used 26333K, committed 26752K, reserved 1114112K
  class space    used 3322K, committed 3520K, reserved 1048576K
}
Event: 6.260 GC heap after
{Heap after GC invocations=11 (full 0):
 garbage-first heap   total 49152K, used 11750K [0x00000000c7e00000, 0x0000000100000000)
  region size 1024K, 2 young (2048K), 2 survivors (2048K)
 Metaspace       used 26333K, committed 26752K, reserved 1114112K
  class space    used 3322K, committed 3520K, reserved 1048576K
}
Event: 7.423 GC heap before
{Heap before GC invocations=11 (full 0):
 garbage-first heap   total 49152K, used 35302K [0x00000000c7e00000, 0x0000000100000000)
  region size 1024K, 26 young (26624K), 2 survivors (2048K)
 Metaspace       used 29219K, committed 29696K, reserved 1114112K
  class space    used 3684K, committed 3904K, reserved 1048576K
}
Event: 7.426 GC heap after
{Heap after GC invocations=12 (full 0):
 garbage-first heap   total 49152K, used 12860K [0x00000000c7e00000, 0x0000000100000000)
  region size 1024K, 3 young (3072K), 3 survivors (3072K)
 Metaspace       used 29219K, committed 29696K, reserved 1114112K
  class space    used 3684K, committed 3904K, reserved 1048576K
}
Event: 10.441 GC heap before
{Heap before GC invocations=12 (full 0):
 garbage-first heap   total 49152K, used 37436K [0x00000000c7e00000, 0x0000000100000000)
  region size 1024K, 27 young (27648K), 3 survivors (3072K)
 Metaspace       used 30963K, committed 31424K, reserved 1114112K
  class space    used 3868K, committed 4096K, reserved 1048576K
}
Event: 10.444 GC heap after
{Heap after GC invocations=13 (full 0):
 garbage-first heap   total 49152K, used 13839K [0x00000000c7e00000, 0x0000000100000000)
  region size 1024K, 3 young (3072K), 3 survivors (3072K)
 Metaspace       used 30963K, committed 31424K, reserved 1114112K
  class space    used 3868K, committed 4096K, reserved 1048576K
}

