# JRE version: OpenJDK Runtime Environment (17.0.9+9) (build 17.0.9+9-Ubuntu-120.04)
# Java VM: OpenJDK 64-Bit Server VM (17.0.9+9-Ubuntu-120.04, mixed mode, sharing, tiered, compressed oops, compressed class ptrs, g1 gc, linux-amd64)
GC Precious Log:
 CPUs: 12 total, 12 available
 Memory: 3591M
 Large Page Support: Disabled
 NUMA Support: Disabled
 Compressed Oops: Enabled (32-bit)
 Heap Region Size: 1M
 Heap Min Capacity: 8M
 Heap Initial Capacity: 58M
 Heap Max Capacity: 898M
 Pre-touch: Disabled
 Parallel Workers: 10
 Concurrent Workers: 3
 Concurrent Refinement Workers: 10
 Periodic GC: Disabled
Heap:
 garbage-first heap   total 74752K, used 17732K [0x00000000c7e00000, 0x0000000100000000)
  region size 1024K, 9 young (9216K), 4 survivors (4096K)
 Metaspace       used 30990K, committed 31488K, reserved 1114112K
  class space    used 3870K, committed 4096K, reserved 1048576K
GC Heap History (20 events):
Event: 1.691 GC heap before
{Heap before GC invocations=1 (full 0):
 garbage-first heap   total 61440K, used 35376K [0x00000000c7e00000, 0x0000000100000000)
  region size 1024K, 34 young (34816K), 2 survivors (2048K)
 Metaspace       used 7478K, committed 7744K, reserved 1114112K
  class space    used 913K, committed 1024K, reserved 1048576K
}
Event: 1.695 GC heap after
{Heap after GC invocations=2 (full 0):
 garbage-first heap   total 61440K, used 3741K [0x00000000c7e00000, 0x0000000100000000)
  region size 1024K, 3 young (3072K), 3 survivors (3072K)
 Metaspace       used 7478K, committed 7744K, reserved 1114112K
  class space    used 913K, committed 1024K, reserved 1048576K
}
Event: 2.234 GC heap before
{Heap before GC invocations=2 (full 0):
 garbage-first heap   total 61440K, used 34461K [0x00000000c7e00000, 0x0000000100000000)
  region size 1024K, 34 young (34816K), 3 survivors (3072K)
 Metaspace       used 11032K, committed 11264K, reserved 1114112K
  class space    used 1351K, committed 1472K, reserved 1048576K
}
Event: 2.239 GC heap after
{Heap after GC invocations=3 (full 0):
 garbage-first heap   total 61440K, used 4413K [0x00000000c7e00000, 0x0000000100000000)
  region size 1024K, 2 young (2048K), 2 survivors (2048K)
 Metaspace       used 11032K, committed 11264K, reserved 1114112K
  class space    used 1351K, committed 1472K, reserved 1048576K
}
Event: 2.827 GC heap before
{Heap before GC invocations=3 (full 0):
 garbage-first heap   total 61440K, used 37181K [0x00000000c7e00000, 0x0000000100000000)
  region size 1024K, 34 young (34816K), 2 survivors (2048K)
 Metaspace       used 14733K, committed 15040K, reserved 1114112K
  class space    used 1822K, committed 1984K, reserved 1048576K
}
Event: 2.830 GC heap after
{Heap after GC invocations=4 (full 0):
 garbage-first heap   total 61440K, used 5636K [0x00000000c7e00000, 0x0000000100000000)
  region size 1024K, 4 young (4096K), 4 survivors (4096K)
 Metaspace       used 14733K, committed 15040K, reserved 1114112K
  class space    used 1822K, committed 1984K, reserved 1048576K
}
Event: 3.249 GC heap before
{Heap before GC invocations=4 (full 0):
 garbage-first heap   total 61440K, used 36356K [0x00000000c7e00000, 0x0000000100000000)
  region size 1024K, 34 young (34816K), 4 survivors (4096K)
 Metaspace       used 16518K, committed 16768K, reserved 1114112K
  class space    used 2040K, committed 2176K, reserved 1048576K
}
Event: 3.255 GC heap after
{Heap after GC invocations=5 (full 0):
 garbage-first heap   total 61440K, used 6997K [0x00000000c7e00000, 0x0000000100000000)
  region size 1024K, 4 young (4096K), 4 survivors (4096K)
 Metaspace       used 16518K, committed 16768K, reserved 1114112K
  class space    used 2040K, committed 2176K, reserved 1048576K
}
Event: 3.955 GC heap before
{Heap before GC invocations=5 (full 0):
 garbage-first heap   total 61440K, used 37717K [0x00000000c7e00000, 0x0000000100000000)
  region size 1024K, 34 young (34816K), 4 survivors (4096K)
 Metaspace       used 18945K, committed 19264K, reserved 1114112K
  class space    used 2358K, committed 2496K, reserved 1048576K
}
Event: 3.962 GC heap after
{Heap after GC invocations=6 (full 0):
 garbage-first heap   total 61440K, used 8044K [0x00000000c7e00000, 0x0000000100000000)
  region size 1024K, 3 young (3072K), 3 survivors (3072K)
 Metaspace       used 18945K, committed 19264K, reserved 1114112K
  class space    used 2358K, committed 2496K, reserved 1048576K
}
Event: 4.534 GC heap before
{Heap before GC invocations=6 (full 0):
 garbage-first heap   total 61440K, used 27500K [0x00000000c7e00000, 0x0000000100000000)
  region size 1024K, 23 young (23552K), 3 survivors (3072K)
 Metaspace       used 21133K, committed 21504K, reserved 1114112K
  class space    used 2690K, committed 2880K, reserved 1048576K
}
Event: 4.541 GC heap after
{Heap after GC invocations=7 (full 0):
 garbage-first heap   total 61440K, used 8900K [0x00000000c7e00000, 0x0000000100000000)
  region size 1024K, 4 young (4096K), 4 survivors (4096K)
 Metaspace       used 21133K, committed 21504K, reserved 1114112K
  class space    used 2690K, committed 2880K, reserved 1048576K
}
Event: 4.921 GC heap before
{Heap before GC invocations=8 (full 0):
 garbage-first heap   total 40960K, used 29380K [0x00000000c7e00000, 0x0000000100000000)
  region size 1024K, 24 young (24576K), 4 survivors (4096K)
 Metaspace       used 24197K, committed 24640K, reserved 1114112K
  class space    used 3033K, committed 3264K, reserved 1048576K
}
Event: 4.929 GC heap after
{Heap after GC invocations=9 (full 0):
 garbage-first heap   total 40960K, used 10366K [0x00000000c7e00000, 0x0000000100000000)
  region size 1024K, 3 young (3072K), 3 survivors (3072K)
 Metaspace       used 24197K, committed 24640K, reserved 1114112K
  class space    used 3033K, committed 3264K, reserved 1048576K
}
Event: 4.952 GC heap before
{Heap before GC invocations=9 (full 0):
 garbage-first heap   total 40960K, used 11390K [0x00000000c7e00000, 0x0000000100000000)
  region size 1024K, 4 young (4096K), 3 survivors (3072K)
 Metaspace       used 24281K, committed 24704K, reserved 1114112K
  class space    used 3051K, committed 3264K, reserved 1048576K
}
Event: 4.958 GC heap after
{Heap after GC invocations=10 (full 0):
 garbage-first heap   total 40960K, used 10905K [0x00000000c7e00000, 0x0000000100000000)
  region size 1024K, 1 young (1024K), 1 survivors (1024K)
 Metaspace       used 24281K, committed 24704K, reserved 1114112K
  class space    used 3051K, committed 3264K, reserved 1048576K
}
Event: 5.482 GC heap before
{Heap before GC invocations=10 (full 0):
 garbage-first heap   total 40960K, used 30361K [0x00000000c7e00000, 0x0000000100000000)
  region size 1024K, 20 young (20480K), 1 survivors (1024K)
 Metaspace       used 25887K, committed 26304K, reserved 1114112K
  class space    used 3262K, committed 3456K, reserved 1048576K
}
Event: 5.484 GC heap after
{Heap after GC invocations=11 (full 0):
 garbage-first heap   total 74752K, used 11433K [0x00000000c7e00000, 0x0000000100000000)
  region size 1024K, 2 young (2048K), 2 survivors (2048K)
 Metaspace       used 25887K, committed 26304K, reserved 1114112K
  class space    used 3262K, committed 3456K, reserved 1048576K
}
Event: 12.128 GC heap before
{Heap before GC invocations=11 (full 0):
 garbage-first heap   total 74752K, used 53417K [0x00000000c7e00000, 0x0000000100000000)
  region size 1024K, 43 young (44032K), 2 survivors (2048K)
 Metaspace       used 30950K, committed 31424K, reserved 1114112K
  class space    used 3869K, committed 4096K, reserved 1048576K
}
Event: 12.132 GC heap after
{Heap after GC invocations=12 (full 0):
 garbage-first heap   total 74752K, used 13636K [0x00000000c7e00000, 0x0000000100000000)
  region size 1024K, 4 young (4096K), 4 survivors (4096K)
 Metaspace       used 30950K, committed 31424K, reserved 1114112K
  class space    used 3869K, committed 4096K, reserved 1048576K
}

