# JRE version: OpenJDK Runtime Environment (17.0.9+9) (build 17.0.9+9-Ubuntu-120.04)
# Java VM: OpenJDK 64-Bit Server VM (17.0.9+9-Ubuntu-120.04, mixed mode, sharing, tiered, compressed oops, compressed class ptrs, g1 gc, linux-amd64)
GC Precious Log:
 CPUs: 12 total, 12 available
 Memory: 3591M
 Large Page Support: Disabled
 NUMA Support: Disabled
 Compressed Oops: Enabled (32-bit)
 Heap Region Size: 1M
 Heap Min Capacity: 8M
 Heap Initial Capacity: 58M
 Heap Max Capacity: 898M
 Pre-touch: Disabled
 Parallel Workers: 10
 Concurrent Workers: 3
 Concurrent Refinement Workers: 10
 Periodic GC: Disabled
Heap:
 garbage-first heap   total 40960K, used 24204K [0x00000000c7e00000, 0x0000000100000000)
  region size 1024K, 13 young (13312K), 2 survivors (2048K)
 Metaspace       used 31104K, committed 31552K, reserved 1114112K
  class space    used 3866K, committed 4096K, reserved 1048576K
GC Heap History (20 events):
Event: 5.333 GC heap before
{Heap before GC invocations=3 (full 0):
 garbage-first heap   total 61440K, used 37182K [0x00000000c7e00000, 0x0000000100000000)
  region size 1024K, 34 young (34816K), 2 survivors (2048K)
 Metaspace       used 14863K, committed 15168K, reserved 1114112K
  class space    used 1843K, committed 1984K, reserved 1048576K
}
Event: 5.337 GC heap after
{Heap after GC invocations=4 (full 0):
 garbage-first heap   total 61440K, used 5638K [0x00000000c7e00000, 0x0000000100000000)
  region size 1024K, 4 young (4096K), 4 survivors (4096K)
 Metaspace       used 14863K, committed 15168K, reserved 1114112K
  class space    used 1843K, committed 1984K, reserved 1048576K
}
Event: 6.241 GC heap before
{Heap before GC invocations=4 (full 0):
 garbage-first heap   total 61440K, used 35334K [0x00000000c7e00000, 0x0000000100000000)
  region size 1024K, 34 young (34816K), 4 survivors (4096K)
 Metaspace       used 16616K, committed 16832K, reserved 1114112K
  class space    used 2051K, committed 2176K, reserved 1048576K
}
Event: 6.247 GC heap after
{Heap after GC invocations=5 (full 0):
 garbage-first heap   total 61440K, used 7017K [0x00000000c7e00000, 0x0000000100000000)
  region size 1024K, 4 young (4096K), 4 survivors (4096K)
 Metaspace       used 16616K, committed 16832K, reserved 1114112K
  class space    used 2051K, committed 2176K, reserved 1048576K
}
Event: 7.564 GC heap before
{Heap before GC invocations=5 (full 0):
 garbage-first heap   total 61440K, used 36713K [0x00000000c7e00000, 0x0000000100000000)
  region size 1024K, 34 young (34816K), 4 survivors (4096K)
 Metaspace       used 19194K, committed 19520K, reserved 1114112K
  class space    used 2382K, committed 2560K, reserved 1048576K
}
Event: 7.572 GC heap after
{Heap after GC invocations=6 (full 0):
 garbage-first heap   total 61440K, used 7812K [0x00000000c7e00000, 0x0000000100000000)
  region size 1024K, 3 young (3072K), 3 survivors (3072K)
 Metaspace       used 19194K, committed 19520K, reserved 1114112K
  class space    used 2382K, committed 2560K, reserved 1048576K
}
Event: 8.211 GC heap before
{Heap before GC invocations=6 (full 0):
 garbage-first heap   total 61440K, used 25220K [0x00000000c7e00000, 0x0000000100000000)
  region size 1024K, 21 young (21504K), 3 survivors (3072K)
 Metaspace       used 21132K, committed 21504K, reserved 1114112K
  class space    used 2690K, committed 2880K, reserved 1048576K
}
Event: 8.219 GC heap after
{Heap after GC invocations=7 (full 0):
 garbage-first heap   total 61440K, used 8748K [0x00000000c7e00000, 0x0000000100000000)
  region size 1024K, 4 young (4096K), 4 survivors (4096K)
 Metaspace       used 21132K, committed 21504K, reserved 1114112K
  class space    used 2690K, committed 2880K, reserved 1048576K
}
Event: 8.951 GC heap before
{Heap before GC invocations=8 (full 0):
 garbage-first heap   total 40960K, used 29228K [0x00000000c7e00000, 0x0000000100000000)
  region size 1024K, 24 young (24576K), 4 survivors (4096K)
 Metaspace       used 24189K, committed 24640K, reserved 1114112K
  class space    used 3032K, committed 3264K, reserved 1048576K
}
Event: 8.964 GC heap after
{Heap after GC invocations=9 (full 0):
 garbage-first heap   total 40960K, used 10489K [0x00000000c7e00000, 0x0000000100000000)
  region size 1024K, 3 young (3072K), 3 survivors (3072K)
 Metaspace       used 24189K, committed 24640K, reserved 1114112K
  class space    used 3032K, committed 3264K, reserved 1048576K
}
Event: 9.029 GC heap before
{Heap before GC invocations=9 (full 0):
 garbage-first heap   total 40960K, used 11513K [0x00000000c7e00000, 0x0000000100000000)
  region size 1024K, 4 young (4096K), 3 survivors (3072K)
 Metaspace       used 24290K, committed 24704K, reserved 1114112K
  class space    used 3056K, committed 3264K, reserved 1048576K
}
Event: 9.036 GC heap after
{Heap after GC invocations=10 (full 0):
 garbage-first heap   total 40960K, used 11061K [0x00000000c7e00000, 0x0000000100000000)
  region size 1024K, 1 young (1024K), 1 survivors (1024K)
 Metaspace       used 24290K, committed 24704K, reserved 1114112K
  class space    used 3056K, committed 3264K, reserved 1048576K
}
Event: 9.754 GC heap before
{Heap before GC invocations=10 (full 0):
 garbage-first heap   total 40960K, used 30517K [0x00000000c7e00000, 0x0000000100000000)
  region size 1024K, 20 young (20480K), 1 survivors (1024K)
 Metaspace       used 25889K, committed 26304K, reserved 1114112K
  class space    used 3259K, committed 3456K, reserved 1048576K
}
Event: 9.757 GC heap after
{Heap after GC invocations=11 (full 0):
 garbage-first heap   total 40960K, used 11615K [0x00000000c7e00000, 0x0000000100000000)
  region size 1024K, 2 young (2048K), 2 survivors (2048K)
 Metaspace       used 25889K, committed 26304K, reserved 1114112K
  class space    used 3259K, committed 3456K, reserved 1048576K
}
Event: 15.221 GC heap before
{Heap before GC invocations=11 (full 0):
 garbage-first heap   total 40960K, used 30047K [0x00000000c7e00000, 0x0000000100000000)
  region size 1024K, 20 young (20480K), 2 survivors (2048K)
 Metaspace       used 27949K, committed 28416K, reserved 1114112K
  class space    used 3522K, committed 3776K, reserved 1048576K
}
Event: 15.226 GC heap after
{Heap after GC invocations=12 (full 0):
 garbage-first heap   total 40960K, used 12572K [0x00000000c7e00000, 0x0000000100000000)
  region size 1024K, 3 young (3072K), 3 survivors (3072K)
 Metaspace       used 27949K, committed 28416K, reserved 1114112K
  class space    used 3522K, committed 3776K, reserved 1048576K
}
Event: 15.936 GC heap before
{Heap before GC invocations=12 (full 0):
 garbage-first heap   total 40960K, used 28956K [0x00000000c7e00000, 0x0000000100000000)
  region size 1024K, 20 young (20480K), 3 survivors (3072K)
 Metaspace       used 30573K, committed 30976K, reserved 1114112K
  class space    used 3833K, committed 4032K, reserved 1048576K
}
Event: 15.941 GC heap after
{Heap after GC invocations=13 (full 0):
 garbage-first heap   total 40960K, used 14378K [0x00000000c7e00000, 0x0000000100000000)
  region size 1024K, 3 young (3072K), 3 survivors (3072K)
 Metaspace       used 30573K, committed 30976K, reserved 1114112K
  class space    used 3833K, committed 4032K, reserved 1048576K
}
Event: 32.920 GC heap before
{Heap before GC invocations=13 (full 0):
 garbage-first heap   total 40960K, used 30762K [0x00000000c7e00000, 0x0000000100000000)
  region size 1024K, 19 young (19456K), 3 survivors (3072K)
 Metaspace       used 31020K, committed 31488K, reserved 1114112K
  class space    used 3865K, committed 4096K, reserved 1048576K
}
Event: 32.924 GC heap after
{Heap after GC invocations=14 (full 0):
 garbage-first heap   total 40960K, used 13964K [0x00000000c7e00000, 0x0000000100000000)
  region size 1024K, 2 young (2048K), 2 survivors (2048K)
 Metaspace       used 31020K, committed 31488K, reserved 1114112K
  class space    used 3865K, committed 4096K, reserved 1048576K
}

