# JRE version: OpenJDK Runtime Environment (17.0.9+9) (build 17.0.9+9-Ubuntu-120.04)
# Java VM: OpenJDK 64-Bit Server VM (17.0.9+9-Ubuntu-120.04, mixed mode, sharing, tiered, compressed oops, compressed class ptrs, g1 gc, linux-amd64)
GC Precious Log:
 CPUs: 12 total, 12 available
 Memory: 3591M
 Large Page Support: Disabled
 NUMA Support: Disabled
 Compressed Oops: Enabled (32-bit)
 Heap Region Size: 1M
 Heap Min Capacity: 8M
 Heap Initial Capacity: 58M
 Heap Max Capacity: 898M
 Pre-touch: Disabled
 Parallel Workers: 10
 Concurrent Workers: 3
 Concurrent Refinement Workers: 10
 Periodic GC: Disabled
Heap:
 garbage-first heap   total 222208K, used 63575K [0x00000000c7e00000, 0x0000000100000000)
  region size 1024K, 6 young (6144K), 2 survivors (2048K)
 Metaspace       used 30581K, committed 30976K, reserved 1114112K
  class space    used 3833K, committed 4032K, reserved 1048576K
GC Heap History (20 events):
Event: 9.146 GC heap before
{Heap before GC invocations=9 (full 0):
 garbage-first heap   total 40960K, used 11463K [0x00000000c7e00000, 0x0000000100000000)
  region size 1024K, 4 young (4096K), 3 survivors (3072K)
 Metaspace       used 24290K, committed 24704K, reserved 1114112K
  class space    used 3054K, committed 3264K, reserved 1048576K
}
Event: 9.152 GC heap after
{Heap after GC invocations=10 (full 0):
 garbage-first heap   total 40960K, used 11054K [0x00000000c7e00000, 0x0000000100000000)
  region size 1024K, 1 young (1024K), 1 survivors (1024K)
 Metaspace       used 24290K, committed 24704K, reserved 1114112K
  class space    used 3054K, committed 3264K, reserved 1048576K
}
Event: 9.807 GC heap before
{Heap before GC invocations=10 (full 0):
 garbage-first heap   total 40960K, used 30510K [0x00000000c7e00000, 0x0000000100000000)
  region size 1024K, 20 young (20480K), 1 survivors (1024K)
 Metaspace       used 25894K, committed 26304K, reserved 1114112K
  class space    used 3259K, committed 3456K, reserved 1048576K
}
Event: 9.810 GC heap after
{Heap after GC invocations=11 (full 0):
 garbage-first heap   total 40960K, used 11591K [0x00000000c7e00000, 0x0000000100000000)
  region size 1024K, 2 young (2048K), 2 survivors (2048K)
 Metaspace       used 25894K, committed 26304K, reserved 1114112K
  class space    used 3259K, committed 3456K, reserved 1048576K
}
Event: 17.469 GC heap before
{Heap before GC invocations=11 (full 0):
 garbage-first heap   total 40960K, used 30023K [0x00000000c7e00000, 0x0000000100000000)
  region size 1024K, 20 young (20480K), 2 survivors (2048K)
 Metaspace       used 27754K, committed 28160K, reserved 1114112K
  class space    used 3500K, committed 3712K, reserved 1048576K
}
Event: 17.474 GC heap after
{Heap after GC invocations=12 (full 0):
 garbage-first heap   total 40960K, used 12518K [0x00000000c7e00000, 0x0000000100000000)
  region size 1024K, 2 young (2048K), 2 survivors (2048K)
 Metaspace       used 27754K, committed 28160K, reserved 1114112K
  class space    used 3500K, committed 3712K, reserved 1048576K
}
Event: 18.249 GC heap before
{Heap before GC invocations=12 (full 0):
 garbage-first heap   total 40960K, used 34022K [0x00000000c7e00000, 0x0000000100000000)
  region size 1024K, 20 young (20480K), 2 survivors (2048K)
 Metaspace       used 30561K, committed 30976K, reserved 1114112K
  class space    used 3831K, committed 4032K, reserved 1048576K
}
Event: 18.255 GC heap after
{Heap after GC invocations=13 (full 0):
 garbage-first heap   total 40960K, used 18315K [0x00000000c7e00000, 0x0000000100000000)
  region size 1024K, 2 young (2048K), 2 survivors (2048K)
 Metaspace       used 30561K, committed 30976K, reserved 1114112K
  class space    used 3831K, committed 4032K, reserved 1048576K
}
Event: 18.291 GC heap before
{Heap before GC invocations=13 (full 0):
 garbage-first heap   total 40960K, used 30603K [0x00000000c7e00000, 0x0000000100000000)
  region size 1024K, 15 young (15360K), 2 survivors (2048K)
 Metaspace       used 30577K, committed 30976K, reserved 1114112K
  class space    used 3831K, committed 4032K, reserved 1048576K
}
Event: 18.300 GC heap after
{Heap after GC invocations=14 (full 0):
 garbage-first heap   total 43008K, used 26470K [0x00000000c7e00000, 0x0000000100000000)
  region size 1024K, 2 young (2048K), 2 survivors (2048K)
 Metaspace       used 30577K, committed 30976K, reserved 1114112K
  class space    used 3831K, committed 4032K, reserved 1048576K
}
Event: 18.305 GC heap before
{Heap before GC invocations=14 (full 0):
 garbage-first heap   total 43008K, used 31590K [0x00000000c7e00000, 0x0000000100000000)
  region size 1024K, 7 young (7168K), 2 survivors (2048K)
 Metaspace       used 30577K, committed 30976K, reserved 1114112K
  class space    used 3831K, committed 4032K, reserved 1048576K
}
Event: 18.312 GC heap after
{Heap after GC invocations=15 (full 0):
 garbage-first heap   total 86016K, used 29434K [0x00000000c7e00000, 0x0000000100000000)
  region size 1024K, 1 young (1024K), 1 survivors (1024K)
 Metaspace       used 30577K, committed 30976K, reserved 1114112K
  class space    used 3831K, committed 4032K, reserved 1048576K
}
Event: 18.349 GC heap before
{Heap before GC invocations=16 (full 0):
 garbage-first heap   total 86016K, used 54010K [0x00000000c7e00000, 0x0000000100000000)
  region size 1024K, 25 young (25600K), 1 survivors (1024K)
 Metaspace       used 30577K, committed 30976K, reserved 1114112K
  class space    used 3831K, committed 4032K, reserved 1048576K
}
Event: 18.371 GC heap after
{Heap after GC invocations=17 (full 0):
 garbage-first heap   total 86016K, used 41987K [0x00000000c7e00000, 0x0000000100000000)
  region size 1024K, 4 young (4096K), 4 survivors (4096K)
 Metaspace       used 30577K, committed 30976K, reserved 1114112K
  class space    used 3831K, committed 4032K, reserved 1048576K
}
Event: 18.380 GC heap before
{Heap before GC invocations=17 (full 0):
 garbage-first heap   total 86016K, used 57347K [0x00000000c7e00000, 0x0000000100000000)
  region size 1024K, 19 young (19456K), 4 survivors (4096K)
 Metaspace       used 30577K, committed 30976K, reserved 1114112K
  class space    used 3831K, committed 4032K, reserved 1048576K
}
Event: 18.404 GC heap after
{Heap after GC invocations=18 (full 0):
 garbage-first heap   total 86016K, used 50672K [0x00000000c7e00000, 0x0000000100000000)
  region size 1024K, 3 young (3072K), 3 survivors (3072K)
 Metaspace       used 30577K, committed 30976K, reserved 1114112K
  class space    used 3831K, committed 4032K, reserved 1048576K
}
Event: 18.413 GC heap before
{Heap before GC invocations=18 (full 0):
 garbage-first heap   total 86016K, used 60912K [0x00000000c7e00000, 0x0000000100000000)
  region size 1024K, 13 young (13312K), 3 survivors (3072K)
 Metaspace       used 30577K, committed 30976K, reserved 1114112K
  class space    used 3831K, committed 4032K, reserved 1048576K
}
Event: 18.432 GC heap after
{Heap after GC invocations=19 (full 0):
 garbage-first heap   total 86016K, used 56451K [0x00000000c7e00000, 0x0000000100000000)
  region size 1024K, 2 young (2048K), 2 survivors (2048K)
 Metaspace       used 30577K, committed 30976K, reserved 1114112K
  class space    used 3831K, committed 4032K, reserved 1048576K
}
Event: 18.441 GC heap before
{Heap before GC invocations=19 (full 0):
 garbage-first heap   total 86016K, used 63619K [0x00000000c7e00000, 0x0000000100000000)
  region size 1024K, 9 young (9216K), 2 survivors (2048K)
 Metaspace       used 30577K, committed 30976K, reserved 1114112K
  class space    used 3831K, committed 4032K, reserved 1048576K
}
Event: 18.447 GC heap after
{Heap after GC invocations=20 (full 0):
 garbage-first heap   total 258048K, used 60503K [0x00000000c7e00000, 0x0000000100000000)
  region size 1024K, 2 young (2048K), 2 survivors (2048K)
 Metaspace       used 30577K, committed 30976K, reserved 1114112K
  class space    used 3831K, committed 4032K, reserved 1048576K
}

