# JRE version: OpenJDK Runtime Environment (17.0.9+9) (build 17.0.9+9-Ubuntu-120.04)
# Java VM: OpenJDK 64-Bit Server VM (17.0.9+9-Ubuntu-120.04, mixed mode, sharing, tiered, compressed oops, compressed class ptrs, g1 gc, linux-amd64)
GC Precious Log:
 CPUs: 12 total, 12 available
 Memory: 3591M
 Large Page Support: Disabled
 NUMA Support: Disabled
 Compressed Oops: Enabled (32-bit)
 Heap Region Size: 1M
 Heap Min Capacity: 8M
 Heap Initial Capacity: 58M
 Heap Max Capacity: 898M
 Pre-touch: Disabled
 Parallel Workers: 10
 Concurrent Workers: 3
 Concurrent Refinement Workers: 10
 Periodic GC: Disabled
Heap:
 garbage-first heap   total 111616K, used 64208K [0x00000000c7e00000, 0x0000000100000000)
  region size 1024K, 10 young (10240K), 3 survivors (3072K)
 Metaspace       used 30587K, committed 30976K, reserved 1114112K
  class space    used 3832K, committed 4032K, reserved 1048576K
GC Heap History (20 events):
Event: 8.045 GC heap before
{Heap before GC invocations=6 (full 0):
 garbage-first heap   total 61440K, used 26240K [0x00000000c7e00000, 0x0000000100000000)
  region size 1024K, 22 young (22528K), 3 survivors (3072K)
 Metaspace       used 21124K, committed 21504K, reserved 1114112K
  class space    used 2687K, committed 2880K, reserved 1048576K
}
Event: 8.051 GC heap after
{Heap after GC invocations=7 (full 0):
 garbage-first heap   total 61440K, used 8982K [0x00000000c7e00000, 0x0000000100000000)
  region size 1024K, 4 young (4096K), 4 survivors (4096K)
 Metaspace       used 21124K, committed 21504K, reserved 1114112K
  class space    used 2687K, committed 2880K, reserved 1048576K
}
Event: 8.682 GC heap before
{Heap before GC invocations=8 (full 0):
 garbage-first heap   total 40960K, used 29462K [0x00000000c7e00000, 0x0000000100000000)
  region size 1024K, 24 young (24576K), 4 survivors (4096K)
 Metaspace       used 24208K, committed 24640K, reserved 1114112K
  class space    used 3030K, committed 3264K, reserved 1048576K
}
Event: 8.690 GC heap after
{Heap after GC invocations=9 (full 0):
 garbage-first heap   total 40960K, used 10449K [0x00000000c7e00000, 0x0000000100000000)
  region size 1024K, 3 young (3072K), 3 survivors (3072K)
 Metaspace       used 24208K, committed 24640K, reserved 1114112K
  class space    used 3030K, committed 3264K, reserved 1048576K
}
Event: 8.739 GC heap before
{Heap before GC invocations=9 (full 0):
 garbage-first heap   total 40960K, used 11473K [0x00000000c7e00000, 0x0000000100000000)
  region size 1024K, 4 young (4096K), 3 survivors (3072K)
 Metaspace       used 24309K, committed 24704K, reserved 1114112K
  class space    used 3055K, committed 3264K, reserved 1048576K
}
Event: 8.745 GC heap after
{Heap after GC invocations=10 (full 0):
 garbage-first heap   total 40960K, used 11056K [0x00000000c7e00000, 0x0000000100000000)
  region size 1024K, 1 young (1024K), 1 survivors (1024K)
 Metaspace       used 24309K, committed 24704K, reserved 1114112K
  class space    used 3055K, committed 3264K, reserved 1048576K
}
Event: 9.393 GC heap before
{Heap before GC invocations=10 (full 0):
 garbage-first heap   total 40960K, used 30512K [0x00000000c7e00000, 0x0000000100000000)
  region size 1024K, 20 young (20480K), 1 survivors (1024K)
 Metaspace       used 25887K, committed 26304K, reserved 1114112K
  class space    used 3259K, committed 3456K, reserved 1048576K
}
Event: 9.396 GC heap after
{Heap after GC invocations=11 (full 0):
 garbage-first heap   total 40960K, used 11591K [0x00000000c7e00000, 0x0000000100000000)
  region size 1024K, 2 young (2048K), 2 survivors (2048K)
 Metaspace       used 25887K, committed 26304K, reserved 1114112K
  class space    used 3259K, committed 3456K, reserved 1048576K
}
Event: 46.438 GC heap before
{Heap before GC invocations=11 (full 0):
 garbage-first heap   total 40960K, used 30023K [0x00000000c7e00000, 0x0000000100000000)
  region size 1024K, 20 young (20480K), 2 survivors (2048K)
 Metaspace       used 27959K, committed 28416K, reserved 1114112K
  class space    used 3522K, committed 3776K, reserved 1048576K
}
Event: 46.442 GC heap after
{Heap after GC invocations=12 (full 0):
 garbage-first heap   total 40960K, used 12620K [0x00000000c7e00000, 0x0000000100000000)
  region size 1024K, 3 young (3072K), 3 survivors (3072K)
 Metaspace       used 27959K, committed 28416K, reserved 1114112K
  class space    used 3522K, committed 3776K, reserved 1048576K
}
Event: 47.189 GC heap before
{Heap before GC invocations=12 (full 0):
 garbage-first heap   total 46080K, used 35148K [0x00000000c7e00000, 0x0000000100000000)
  region size 1024K, 20 young (20480K), 3 survivors (3072K)
 Metaspace       used 30571K, committed 30976K, reserved 1114112K
  class space    used 3831K, committed 4032K, reserved 1048576K
}
Event: 47.194 GC heap after
{Heap after GC invocations=13 (full 0):
 garbage-first heap   total 46080K, used 18254K [0x00000000c7e00000, 0x0000000100000000)
  region size 1024K, 2 young (2048K), 2 survivors (2048K)
 Metaspace       used 30571K, committed 30976K, reserved 1114112K
  class space    used 3831K, committed 4032K, reserved 1048576K
}
Event: 47.229 GC heap before
{Heap before GC invocations=13 (full 0):
 garbage-first heap   total 46080K, used 35662K [0x00000000c7e00000, 0x0000000100000000)
  region size 1024K, 19 young (19456K), 2 survivors (2048K)
 Metaspace       used 30586K, committed 30976K, reserved 1114112K
  class space    used 3831K, committed 4032K, reserved 1048576K
}
Event: 47.237 GC heap after
{Heap after GC invocations=14 (full 0):
 garbage-first heap   total 49152K, used 28316K [0x00000000c7e00000, 0x0000000100000000)
  region size 1024K, 3 young (3072K), 3 survivors (3072K)
 Metaspace       used 30586K, committed 30976K, reserved 1114112K
  class space    used 3831K, committed 4032K, reserved 1048576K
}
Event: 47.242 GC heap before
{Heap before GC invocations=14 (full 0):
 garbage-first heap   total 49152K, used 35484K [0x00000000c7e00000, 0x0000000100000000)
  region size 1024K, 10 young (10240K), 3 survivors (3072K)
 Metaspace       used 30586K, committed 30976K, reserved 1114112K
  class space    used 3831K, committed 4032K, reserved 1048576K
}
Event: 47.248 GC heap after
{Heap after GC invocations=15 (full 0):
 garbage-first heap   total 98304K, used 32118K [0x00000000c7e00000, 0x0000000100000000)
  region size 1024K, 2 young (2048K), 2 survivors (2048K)
 Metaspace       used 30586K, committed 30976K, reserved 1114112K
  class space    used 3831K, committed 4032K, reserved 1048576K
}
Event: 47.285 GC heap before
{Heap before GC invocations=16 (full 0):
 garbage-first heap   total 98304K, used 61814K [0x00000000c7e00000, 0x0000000100000000)
  region size 1024K, 31 young (31744K), 2 survivors (2048K)
 Metaspace       used 30586K, committed 30976K, reserved 1114112K
  class space    used 3831K, committed 4032K, reserved 1048576K
}
Event: 47.305 GC heap after
{Heap after GC invocations=17 (full 0):
 garbage-first heap   total 98304K, used 47349K [0x00000000c7e00000, 0x0000000100000000)
  region size 1024K, 4 young (4096K), 4 survivors (4096K)
 Metaspace       used 30586K, committed 30976K, reserved 1114112K
  class space    used 3831K, committed 4032K, reserved 1048576K
}
Event: 47.319 GC heap before
{Heap before GC invocations=17 (full 0):
 garbage-first heap   total 98304K, used 65781K [0x00000000c7e00000, 0x0000000100000000)
  region size 1024K, 22 young (22528K), 4 survivors (4096K)
 Metaspace       used 30586K, committed 30976K, reserved 1114112K
  class space    used 3831K, committed 4032K, reserved 1048576K
}
Event: 47.338 GC heap after
{Heap after GC invocations=18 (full 0):
 garbage-first heap   total 98304K, used 58064K [0x00000000c7e00000, 0x0000000100000000)
  region size 1024K, 3 young (3072K), 3 survivors (3072K)
 Metaspace       used 30586K, committed 30976K, reserved 1114112K
  class space    used 3831K, committed 4032K, reserved 1048576K
}

