# JRE version: OpenJDK Runtime Environment (17.0.9+9) (build 17.0.9+9-Ubuntu-120.04)
# Java VM: OpenJDK 64-Bit Server VM (17.0.9+9-Ubuntu-120.04, mixed mode, sharing, tiered, compressed oops, compressed class ptrs, g1 gc, linux-amd64)
GC Precious Log:
 CPUs: 12 total, 12 available
 Memory: 3591M
 Large Page Support: Disabled
 NUMA Support: Disabled
 Compressed Oops: Enabled (32-bit)
 Heap Region Size: 1M
 Heap Min Capacity: 8M
 Heap Initial Capacity: 58M
 Heap Max Capacity: 898M
 Pre-touch: Disabled
 Parallel Workers: 10
 Concurrent Workers: 3
 Concurrent Refinement Workers: 10
 Periodic GC: Disabled
Heap:
 garbage-first heap   total 67584K, used 46252K [0x00000000c7e00000, 0x0000000100000000)
  region size 1024K, 38 young (38912K), 2 survivors (2048K)
 Metaspace       used 30591K, committed 30976K, reserved 1114112K
  class space    used 3835K, committed 4032K, reserved 1048576K
GC Heap History (20 events):
Event: 0.736 GC heap before
{Heap before GC invocations=0 (full 0):
 garbage-first heap   total 61440K, used 23472K [0x00000000c7e00000, 0x0000000100000000)
  region size 1024K, 23 young (23552K), 0 survivors (0K)
 Metaspace       used 3547K, committed 3840K, reserved 1114112K
  class space    used 352K, committed 512K, reserved 1048576K
}
Event: 0.740 GC heap after
{Heap after GC invocations=1 (full 0):
 garbage-first heap   total 61440K, used 2608K [0x00000000c7e00000, 0x0000000100000000)
  region size 1024K, 2 young (2048K), 2 survivors (2048K)
 Metaspace       used 3547K, committed 3840K, reserved 1114112K
  class space    used 352K, committed 512K, reserved 1048576K
}
Event: 1.601 GC heap before
{Heap before GC invocations=1 (full 0):
 garbage-first heap   total 61440K, used 35376K [0x00000000c7e00000, 0x0000000100000000)
  region size 1024K, 34 young (34816K), 2 survivors (2048K)
 Metaspace       used 7467K, committed 7680K, reserved 1114112K
  class space    used 911K, committed 1024K, reserved 1048576K
}
Event: 1.605 GC heap after
{Heap after GC invocations=2 (full 0):
 garbage-first heap   total 61440K, used 3732K [0x00000000c7e00000, 0x0000000100000000)
  region size 1024K, 3 young (3072K), 3 survivors (3072K)
 Metaspace       used 7467K, committed 7680K, reserved 1114112K
  class space    used 911K, committed 1024K, reserved 1048576K
}
Event: 2.139 GC heap before
{Heap before GC invocations=2 (full 0):
 garbage-first heap   total 61440K, used 34452K [0x00000000c7e00000, 0x0000000100000000)
  region size 1024K, 34 young (34816K), 3 survivors (3072K)
 Metaspace       used 11027K, committed 11264K, reserved 1114112K
  class space    used 1350K, committed 1472K, reserved 1048576K
}
Event: 2.144 GC heap after
{Heap after GC invocations=3 (full 0):
 garbage-first heap   total 61440K, used 4524K [0x00000000c7e00000, 0x0000000100000000)
  region size 1024K, 3 young (3072K), 3 survivors (3072K)
 Metaspace       used 11027K, committed 11264K, reserved 1114112K
  class space    used 1350K, committed 1472K, reserved 1048576K
}
Event: 2.645 GC heap before
{Heap before GC invocations=3 (full 0):
 garbage-first heap   total 61440K, used 36268K [0x00000000c7e00000, 0x0000000100000000)
  region size 1024K, 34 young (34816K), 3 survivors (3072K)
 Metaspace       used 14694K, committed 14912K, reserved 1114112K
  class space    used 1811K, committed 1920K, reserved 1048576K
}
Event: 2.648 GC heap after
{Heap after GC invocations=4 (full 0):
 garbage-first heap   total 61440K, used 5657K [0x00000000c7e00000, 0x0000000100000000)
  region size 1024K, 4 young (4096K), 4 survivors (4096K)
 Metaspace       used 14694K, committed 14912K, reserved 1114112K
  class space    used 1811K, committed 1920K, reserved 1048576K
}
Event: 3.157 GC heap before
{Heap before GC invocations=4 (full 0):
 garbage-first heap   total 61440K, used 36377K [0x00000000c7e00000, 0x0000000100000000)
  region size 1024K, 34 young (34816K), 4 survivors (4096K)
 Metaspace       used 16501K, committed 16768K, reserved 1114112K
  class space    used 2036K, committed 2176K, reserved 1048576K
}
Event: 3.164 GC heap after
{Heap after GC invocations=5 (full 0):
 garbage-first heap   total 61440K, used 7002K [0x00000000c7e00000, 0x0000000100000000)
  region size 1024K, 4 young (4096K), 4 survivors (4096K)
 Metaspace       used 16501K, committed 16768K, reserved 1114112K
  class space    used 2036K, committed 2176K, reserved 1048576K
}
Event: 4.050 GC heap before
{Heap before GC invocations=5 (full 0):
 garbage-first heap   total 61440K, used 37722K [0x00000000c7e00000, 0x0000000100000000)
  region size 1024K, 34 young (34816K), 4 survivors (4096K)
 Metaspace       used 18853K, committed 19136K, reserved 1114112K
  class space    used 2348K, committed 2496K, reserved 1048576K
}
Event: 4.055 GC heap after
{Heap after GC invocations=6 (full 0):
 garbage-first heap   total 61440K, used 7720K [0x00000000c7e00000, 0x0000000100000000)
  region size 1024K, 3 young (3072K), 3 survivors (3072K)
 Metaspace       used 18853K, committed 19136K, reserved 1114112K
  class space    used 2348K, committed 2496K, reserved 1048576K
}
Event: 4.456 GC heap before
{Heap before GC invocations=6 (full 0):
 garbage-first heap   total 61440K, used 28200K [0x00000000c7e00000, 0x0000000100000000)
  region size 1024K, 24 young (24576K), 3 survivors (3072K)
 Metaspace       used 21132K, committed 21504K, reserved 1114112K
  class space    used 2689K, committed 2880K, reserved 1048576K
}
Event: 4.460 GC heap after
{Heap after GC invocations=7 (full 0):
 garbage-first heap   total 61440K, used 8897K [0x00000000c7e00000, 0x0000000100000000)
  region size 1024K, 4 young (4096K), 4 survivors (4096K)
 Metaspace       used 21132K, committed 21504K, reserved 1114112K
  class space    used 2689K, committed 2880K, reserved 1048576K
}
Event: 4.805 GC heap before
{Heap before GC invocations=8 (full 0):
 garbage-first heap   total 40960K, used 29377K [0x00000000c7e00000, 0x0000000100000000)
  region size 1024K, 24 young (24576K), 4 survivors (4096K)
 Metaspace       used 24204K, committed 24640K, reserved 1114112K
  class space    used 3031K, committed 3264K, reserved 1048576K
}
Event: 4.813 GC heap after
{Heap after GC invocations=9 (full 0):
 garbage-first heap   total 40960K, used 10427K [0x00000000c7e00000, 0x0000000100000000)
  region size 1024K, 3 young (3072K), 3 survivors (3072K)
 Metaspace       used 24204K, committed 24640K, reserved 1114112K
  class space    used 3031K, committed 3264K, reserved 1048576K
}
Event: 4.834 GC heap before
{Heap before GC invocations=9 (full 0):
 garbage-first heap   total 40960K, used 11451K [0x00000000c7e00000, 0x0000000100000000)
  region size 1024K, 4 young (4096K), 3 survivors (3072K)
 Metaspace       used 24287K, committed 24704K, reserved 1114112K
  class space    used 3049K, committed 3264K, reserved 1048576K
}
Event: 4.838 GC heap after
{Heap after GC invocations=10 (full 0):
 garbage-first heap   total 40960K, used 10909K [0x00000000c7e00000, 0x0000000100000000)
  region size 1024K, 1 young (1024K), 1 survivors (1024K)
 Metaspace       used 24287K, committed 24704K, reserved 1114112K
  class space    used 3049K, committed 3264K, reserved 1048576K
}
Event: 5.203 GC heap before
{Heap before GC invocations=10 (full 0):
 garbage-first heap   total 40960K, used 30365K [0x00000000c7e00000, 0x0000000100000000)
  region size 1024K, 20 young (20480K), 1 survivors (1024K)
 Metaspace       used 25886K, committed 26304K, reserved 1114112K
  class space    used 3259K, committed 3456K, reserved 1048576K
}
Event: 5.206 GC heap after
{Heap after GC invocations=11 (full 0):
 garbage-first heap   total 67584K, used 11436K [0x00000000c7e00000, 0x0000000100000000)
  region size 1024K, 2 young (2048K), 2 survivors (2048K)
 Metaspace       used 25886K, committed 26304K, reserved 1114112K
  class space    used 3259K, committed 3456K, reserved 1048576K
}

